ok
before
1:0.291731
ret: 0.146345
beta: 0.25
ne: 0.021417	0.416195	sc: 0.0362007	nv: 0.379994
ne: 0.021417	0.135712	sc: 0.0362007	nv: 0.099511
ne: 0.00135792	0.05397	sc: 0.00378559	nv: 0.0501844
ne: 0.0015961	-0.0226029	sc: 0.00378559	nv: -0.0263885
ne: 0.189241	0.128871	sc: 0.00378559	nv: 0.125085
ne: 0.397574	-0.135216	sc: 0.00378559	nv: -0.139001
ne: 3.79928e-07	0.0134009	sc: 0.00378559	nv: 0.00961532
ne: 0.000433044	0.45223	sc: 0.00378559	nv: 0.448444
ne: 1.10014e-06	0.340188	sc: 0.000282152	nv: 0.339906
ne: 0.00658069	-0.105617	sc: 0.0676591	nv: -0.173276
ne: 0.00658075	0.283099	sc: 7.65522e-05	nv: 0.283023
ne: 1.36547e-06	0.29844	sc: 0.000282152	nv: 0.298158
ne: 0.161191	0.411647	sc: 0.0676591	nv: 0.343988
ne: 0.161191	-0.302449	sc: 7.65522e-05	nv: -0.302525
ne: 4.90317e-06	-0.164777	sc: 0.000282152	nv: -0.165059
ne: 0.806153	0.26823	sc: 0.0676591	nv: 0.200571
ne: 0.806154	-0.222225	sc: 7.65522e-05	nv: -0.222302
0.146345
0.252432
before
0:0.252407
ret: -0.0476287
beta: 0.2475
ne: 0.00226849	0.379994	sc: -0.0117747	nv: 0.391769
ne: 0.00226849	0.099511	sc: -0.0117747	nv: 0.111286
ne: 2.2888e-05	0.0501844	sc: 0.000397005	nv: 0.0497874
ne: 2.92165e-05	-0.0263885	sc: 0.000397005	nv: -0.0267855
ne: 0.000415787	0.125085	sc: 0.000397005	nv: 0.124688
ne: 0.000929234	-0.139001	sc: 0.000397005	nv: -0.139398
ne: 2.26755e-09	0.00961532	sc: 0.000397005	nv: 0.00921832
ne: 4.93453e-06	0.448444	sc: 0.000397005	nv: 0.448047
ne: 4.87776e-10	0.339906	sc: 5.11315e-06	nv: 0.3399
ne: 1.28713e-07	-0.173276	sc: 0.000162624	nv: -0.173439
ne: 1.28723e-07	0.283023	sc: 8.63588e-07	nv: 0.283022
ne: 6.57901e-10	0.298158	sc: 5.11315e-06	nv: 0.298153
ne: 8.86484e-07	0.343988	sc: 0.000162624	nv: 0.343826
ne: 8.86503e-07	-0.302525	sc: 8.63588e-07	nv: -0.302526
ne: 6.66542e-10	-0.165059	sc: 5.11315e-06	nv: -0.165065
ne: 9.96241e-07	0.200571	sc: 0.000162624	nv: 0.200408
ne: 9.96276e-07	-0.222302	sc: 8.63588e-07	nv: -0.222303
-0.0476287
0.264757
before
0:0.264544
ret: -0.0514699
beta: 0.245025
ne: 0.00264916	0.391769	sc: -0.0125948	nv: 0.404364
ne: 0.00264916	0.111286	sc: -0.0125948	nv: 0.12388
ne: 3.28797e-05	0.0497874	sc: 0.000458989	nv: 0.0493284
ne: 4.23965e-05	-0.0267855	sc: 0.000458989	nv: -0.0272445
ne: 0.000504259	0.124688	sc: 0.000458989	nv: 0.124229
ne: 0.00113451	-0.139398	sc: 0.000458989	nv: -0.139857
ne: 2.85221e-09	0.00921832	sc: 0.000458989	nv: 0.00875933
ne: 6.74077e-06	0.448047	sc: 0.000458989	nv: 0.447588
ne: 1.02787e-09	0.3399	sc: 7.34557e-06	nv: 0.339893
ne: 1.92667e-07	-0.173439	sc: 0.000196564	nv: -0.173635
ne: 1.92685e-07	0.283022	sc: 1.1679e-06	nv: 0.283021
ne: 1.38669e-09	0.298153	sc: 7.34557e-06	nv: 0.298145
ne: 1.32188e-06	0.343826	sc: 0.000196564	nv: 0.343629
ne: 1.32192e-06	-0.302526	sc: 1.1679e-06	nv: -0.302527
ne: 1.40111e-09	-0.165065	sc: 7.34557e-06	nv: -0.165072
ne: 1.48035e-06	0.200408	sc: 0.000196564	nv: 0.200211
ne: 1.48042e-06	-0.222303	sc: 1.1679e-06	nv: -0.222304
-0.0514699
0.27769
before
1:0.277714
ret: 0.144883
beta: 0.242575
ne: 0.020991	0.404364	sc: 0.0347817	nv: 0.369582
ne: 0.020991	0.12388	sc: 0.0347817	nv: 0.0890988
ne: 0.00219841	0.0493284	sc: 0.0036001	nv: 0.0457283
ne: 0.00286902	-0.0272445	sc: 0.0036001	nv: -0.0308446
ne: 0.0278432	0.124229	sc: 0.0036001	nv: 0.120629
ne: 0.0631322	-0.139857	sc: 0.0036001	nv: -0.143457
ne: 1.62336e-07	0.00875933	sc: 0.0036001	nv: 0.00515923
ne: 0.00042403	0.447588	sc: 0.0036001	nv: 0.443988
ne: 4.71109e-06	0.339893	sc: 0.000492111	nv: 0.339401
ne: 0.000600027	-0.173635	sc: 0.0108181	nv: -0.184453
ne: 0.000600098	0.283021	sc: 7.27323e-05	nv: 0.282948
ne: 6.35757e-06	0.298145	sc: 0.000492111	nv: 0.297653
ne: 0.00409566	0.343629	sc: 0.0108181	nv: 0.332811
ne: 0.0040958	-0.302527	sc: 7.27323e-05	nv: -0.3026
ne: 6.40276e-06	-0.165072	sc: 0.000492111	nv: -0.165564
ne: 0.00456712	0.200211	sc: 0.0108181	nv: 0.189393
ne: 0.00456738	-0.222304	sc: 7.27323e-05	nv: -0.222377
0.144883
0.240409
before
1:0.240519
ret: 0.138734
beta: 0.240149
ne: 0.0192471	0.369582	sc: 0.0330008	nv: 0.336581
ne: 0.0192471	0.0890988	sc: 0.0330008	nv: 0.056098
ne: 0.0034969	0.0457283	sc: 0.00326807	nv: 0.0424602
ne: 0.0050879	-0.0308446	sc: 0.00326807	nv: -0.0341127
ne: 0.0103443	0.120629	sc: 0.00326807	nv: 0.117361
ne: 0.0249743	-0.143457	sc: 0.00326807	nv: -0.146725
ne: 4.88792e-08	0.00515923	sc: 0.00326807	nv: 0.00189115
ne: 0.00036204	0.443988	sc: 0.00326807	nv: 0.44072
ne: 1.55512e-05	0.339401	sc: 0.000863976	nv: 0.338537
ne: 0.000126218	-0.184453	sc: 0.00424025	nv: -0.188694
ne: 0.000126273	0.282948	sc: 6.14783e-05	nv: 0.282886
ne: 2.13359e-05	0.297653	sc: 0.000863976	nv: 0.296789
ne: 0.000664013	0.332811	sc: 0.00424025	nv: 0.328571
ne: 0.000664125	-0.3026	sc: 6.14783e-05	nv: -0.302661
ne: 1.80004e-05	-0.165564	sc: 0.000863976	nv: -0.166428
ne: 0.000585528	0.189393	sc: 0.00424025	nv: 0.185153
ne: 0.000585693	-0.222377	sc: 6.14783e-05	nv: -0.222438
0.138734
0.205354
before
0:0.205431
ret: -0.0335324
beta: 0.237748
ne: 0.00112442	0.336581	sc: -0.00796776	nv: 0.344549
ne: 0.00112442	0.056098	sc: -0.00796776	nv: 0.0640658
ne: 3.27121e-05	0.0424602	sc: 0.00018903	nv: 0.0422712
ne: 5.38263e-05	-0.0341127	sc: 0.00018903	nv: -0.0343017
ne: 2.01963e-05	0.117361	sc: 0.00018903	nv: 0.117172
ne: 5.17633e-05	-0.146725	sc: 0.00018903	nv: -0.146914
ne: 2.30816e-11	0.00189115	sc: 0.00018903	nv: 0.00170212
ne: 1.25356e-06	0.44072	sc: 0.00018903	nv: 0.440531
ne: 1.77324e-09	0.338537	sc: 9.0489e-06	nv: 0.338528
ne: 2.28272e-09	-0.188694	sc: 8.70209e-06	nv: -0.188702
ne: 2.28339e-09	0.282886	sc: 2.1074e-07	nv: 0.282886
ne: 2.45071e-09	0.296789	sc: 9.0489e-06	nv: 0.29678
ne: 5.22855e-09	0.328571	sc: 8.70209e-06	nv: 0.328562
ne: 5.22993e-09	-0.302661	sc: 2.1074e-07	nv: -0.302662
ne: 1.93377e-09	-0.166428	sc: 9.0489e-06	nv: -0.166437
ne: 4.14721e-09	0.185153	sc: 8.70209e-06	nv: 0.185144
ne: 4.14909e-09	-0.222438	sc: 2.1074e-07	nv: -0.222438
-0.0335324
0.213759
before
1:0.213687
ret: 0.13212
beta: 0.23537
ne: 0.0174557	0.344549	sc: 0.0308292	nv: 0.31372
ne: 0.0174557	0.0640658	sc: 0.0308292	nv: 0.0332366
ne: 0.00857248	0.0422712	sc: 0.00290496	nv: 0.0393662
ne: 0.0142173	-0.0343017	sc: 0.00290496	nv: -0.0372067
ne: 0.00472909	0.117172	sc: 0.00290496	nv: 0.114267
ne: 0.0121637	-0.146914	sc: 0.00290496	nv: -0.149819
ne: 4.51393e-09	0.00170212	sc: 0.00290496	nv: -0.00120284
ne: 0.000302365	0.440531	sc: 0.00290496	nv: 0.437626
ne: 0.000123716	0.338528	sc: 0.00236609	nv: 0.336162
ne: 0.000151854	-0.188702	sc: 0.00202435	nv: -0.190727
ne: 0.000151893	0.282886	sc: 5.03232e-05	nv: 0.282836
ne: 0.000170985	0.29678	sc: 0.00236609	nv: 0.294414
ne: 0.000324383	0.328562	sc: 0.00202435	nv: 0.326538
ne: 0.000324464	-0.302662	sc: 5.03232e-05	nv: -0.302712
ne: 0.000134903	-0.166437	sc: 0.00236609	nv: -0.168803
ne: 0.000257093	0.185144	sc: 0.00202435	nv: 0.18312
ne: 0.000257202	-0.222438	sc: 5.03232e-05	nv: -0.222489
0.13212
0.180878
before
0:0.180852
ret: -0.0267922
beta: 0.233016
ne: 0.000717823	0.31372	sc: -0.00624079	nv: 0.319961
ne: 0.000717823	0.0332366	sc: -0.00624079	nv: 0.0394774
ne: 0.000171224	0.0393662	sc: 0.000118274	nv: 0.039248
ne: 0.000324177	-0.0372067	sc: 0.000118274	nv: -0.037325
ne: 5.32288e-06	0.114267	sc: 0.000118274	nv: 0.114149
ne: 1.44733e-05	-0.149819	sc: 0.000118274	nv: -0.149938
ne: 3.91413e-12	-0.00120284	sc: 0.000118274	nv: -0.00132111
ne: 5.18119e-07	0.437626	sc: 0.000118274	nv: 0.437508
ne: 6.47475e-08	0.336162	sc: 5.34137e-05	nv: 0.336108
ne: 6.4789e-08	-0.190727	sc: 2.38472e-06	nv: -0.190729
ne: 6.47891e-08	0.282836	sc: 8.53691e-08	nv: 0.282836
ne: 8.99438e-08	0.294414	sc: 5.34137e-05	nv: 0.294361
ne: 9.01644e-08	0.326538	sc: 2.38472e-06	nv: 0.326535
ne: 9.01646e-08	-0.302712	sc: 8.53691e-08	nv: -0.302712
ne: 6.91004e-08	-0.168803	sc: 5.34137e-05	nv: -0.168857
ne: 6.92625e-08	0.18312	sc: 2.38472e-06	nv: 0.183118
ne: 6.92628e-08	-0.222489	sc: 8.53691e-08	nv: -0.222489
-0.0267922
0.187368
before
1:0.187521
ret: 0.123787
beta: 0.230686
ne: 0.0153231	0.319961	sc: 0.0283396	nv: 0.291621
ne: 0.0153231	0.0394774	sc: 0.0283396	nv: 0.0111378
ne: 0.0978089	0.039248	sc: 0.00249936	nv: 0.0367486
ne: 0.186268	-0.037325	sc: 0.00249936	nv: -0.0398243
ne: 0.00238863	0.114149	sc: 0.00249936	nv: 0.11165
ne: 0.00650984	-0.149938	sc: 0.00249936	nv: -0.152437
ne: 2.15393e-09	-0.00132111	sc: 0.00249936	nv: -0.00382047
ne: 0.000236225	0.437508	sc: 0.00249936	nv: 0.435008
ne: 0.0213753	0.336108	sc: 0.0301239	nv: 0.305985
ne: 0.0213837	-0.190729	sc: 0.00106187	nv: -0.191791
ne: 0.0213837	0.282836	sc: 3.8533e-05	nv: 0.282797
ne: 0.0296948	0.294361	sc: 0.0301239	nv: 0.264237
ne: 0.0297394	0.326535	sc: 0.00106187	nv: 0.325473
ne: 0.0297395	-0.302712	sc: 3.8533e-05	nv: -0.302751
ne: 0.0228158	-0.168857	sc: 0.0301239	nv: -0.19898
ne: 0.0228486	0.183118	sc: 0.00106187	nv: 0.182056
ne: 0.0228487	-0.222489	sc: 3.8533e-05	nv: -0.222527
0.123787
0.157559
before
0:0.157394
ret: -0.0208737
beta: 0.228379
ne: 0.00043571	0.291621	sc: -0.00476608	nv: 0.296387
ne: 0.00043571	0.0111378	sc: -0.00476608	nv: 0.0159039
ne: 2.71006e-05	0.0367486	sc: 7.03623e-05	nv: 0.0366782
ne: 5.89275e-05	-0.0398243	sc: 7.03623e-05	nv: -0.0398947
ne: 1.42252e-06	0.11165	sc: 7.03623e-05	nv: 0.111579
ne: 4.07422e-06	-0.152437	sc: 7.03623e-05	nv: -0.152507
ne: 1.49038e-11	-0.00382047	sc: 7.03623e-05	nv: -0.00389084
ne: 1.93238e-07	0.435008	sc: 7.03623e-05	nv: 0.434938
ne: 2.06288e-09	0.305985	sc: 9.51612e-06	nv: 0.305975
ne: 2.06676e-09	-0.191791	sc: 6.5794e-07	nv: -0.191792
ne: 2.06677e-09	0.282797	sc: 3.12057e-08	nv: 0.282797
ne: 2.94429e-09	0.264237	sc: 9.51612e-06	nv: 0.264227
ne: 2.96565e-09	0.325473	sc: 6.5794e-07	nv: 0.325473
ne: 2.96569e-09	-0.302751	sc: 3.12057e-08	nv: -0.302751
ne: 2.39784e-09	-0.19898	sc: 9.51612e-06	nv: -0.19899
ne: 2.40744e-09	0.182056	sc: 6.5794e-07	nv: 0.182055
ne: 2.40747e-09	-0.222527	sc: 3.12057e-08	nv: -0.222527
-0.0208737
0.162366
before
0:0.162537
ret: -0.0221244
beta: 0.226096
ne: 0.00048949	0.296387	sc: -0.00500101	nv: 0.301388
ne: 0.00048949	0.0159039	sc: -0.00500101	nv: 0.0209049
ne: 3.11564e-05	0.0366782	sc: 7.82566e-05	nv: 0.0366
ne: 6.80168e-05	-0.0398947	sc: 7.82566e-05	nv: -0.039973
ne: 1.78078e-06	0.111579	sc: 7.82566e-05	nv: 0.111501
ne: 5.10757e-06	-0.152507	sc: 7.82566e-05	nv: -0.152586
ne: 1.9522e-11	-0.00389084	sc: 7.82566e-05	nv: -0.00396909
ne: 2.43965e-07	0.434938	sc: 7.82566e-05	nv: 0.43486
ne: 2.74831e-09	0.305975	sc: 1.08741e-05	nv: 0.305964
ne: 2.7544e-09	-0.191792	sc: 8.16567e-07	nv: -0.191792
ne: 2.75443e-09	0.282797	sc: 3.90036e-08	nv: 0.282797
ne: 3.92263e-09	0.264227	sc: 1.08741e-05	nv: 0.264217
ne: 3.95619e-09	0.325473	sc: 8.16567e-07	nv: 0.325472
ne: 3.95626e-09	-0.302751	sc: 3.90036e-08	nv: -0.302751
ne: 3.19464e-09	-0.19899	sc: 1.08741e-05	nv: -0.199001
ne: 3.20972e-09	0.182055	sc: 8.16567e-07	nv: 0.182054
ne: 3.20977e-09	-0.222527	sc: 3.90036e-08	nv: -0.222527
-0.0221244
0.167734
before
1:0.167589
ret: 0.116124
beta: 0.223835
ne: 0.0134847	0.301388	sc: 0.025819	nv: 0.275569
ne: 0.0134847	0.0209049	sc: 0.025819	nv: -0.00491413
ne: 0.0214101	0.0366	sc: 0.0021342	nv: 0.0344658
ne: 0.0469482	-0.039973	sc: 0.0021342	nv: -0.0421071
ne: 0.00133931	0.111501	sc: 0.0021342	nv: 0.109367
ne: 0.00384745	-0.152586	sc: 0.0021342	nv: -0.15472
ne: 1.54288e-08	-0.00396909	sc: 0.0021342	nv: -0.00610329
ne: 0.000185218	0.43486	sc: 0.0021342	nv: 0.432726
ne: 0.00130938	0.305964	sc: 0.00742663	nv: 0.298538
ne: 0.00131284	-0.191792	sc: 0.000608953	nv: -0.192401
ne: 0.00131285	0.282797	sc: 2.93154e-05	nv: 0.282768
ne: 0.00186888	0.264217	sc: 0.00742663	nv: 0.25679
ne: 0.00188793	0.325472	sc: 0.000608953	nv: 0.324863
ne: 0.00188797	-0.302751	sc: 2.93154e-05	nv: -0.30278
ne: 0.00152206	-0.199001	sc: 0.00742663	nv: -0.206427
ne: 0.00153061	0.182054	sc: 0.000608953	nv: 0.181445
ne: 0.00153064	-0.222527	sc: 2.93154e-05	nv: -0.222557
0.116124
0.140425
before
1:0.140557
ret: 0.103821
beta: 0.221596
ne: 0.0107789	0.275569	sc: 0.0228834	nv: 0.252686
ne: 0.0107789	-0.00491413	sc: 0.0228834	nv: -0.0277975
ne: 0.00236363	0.0344658	sc: 0.00168891	nv: 0.0327769
ne: 0.00589152	-0.0421071	sc: 0.00168891	nv: -0.0437961
ne: 0.000675622	0.109367	sc: 0.00168891	nv: 0.107678
ne: 0.00202777	-0.15472	sc: 0.00168891	nv: -0.156409
ne: 2.37786e-08	-0.00610329	sc: 0.00168891	nv: -0.0077922
ne: 0.000119556	0.432726	sc: 0.00168891	nv: 0.431037
ne: 2.04535e-05	0.298538	sc: 0.000923147	nv: 0.297614
ne: 2.14599e-05	-0.192401	sc: 0.000317736	nv: -0.192719
ne: 2.14674e-05	0.282768	sc: 1.87334e-05	nv: 0.282749
ne: 2.94305e-05	0.25679	sc: 0.000923147	nv: 0.255867
ne: 3.50104e-05	0.324863	sc: 0.000317736	nv: 0.324545
ne: 3.50272e-05	-0.30278	sc: 1.87334e-05	nv: -0.302799
ne: 2.41381e-05	-0.206427	sc: 0.000923147	nv: -0.207351
ne: 2.63473e-05	0.181445	sc: 0.000317736	nv: 0.181128
ne: 2.63589e-05	-0.222557	sc: 1.87334e-05	nv: -0.222575
0.103821
0.116588
before
0:0.116485
ret: -0.0119883
beta: 0.21938
ne: 0.000143718	0.252686	sc: -0.0026298	nv: 0.255316
ne: 0.000143718	-0.0277975	sc: -0.0026298	nv: -0.0251677
ne: 1.8275e-07	0.0327769	sc: 2.22943e-05	nv: 0.0327546
ne: 5.09033e-07	-0.0437961	sc: 2.22943e-05	nv: -0.0438184
ne: 1.00848e-07	0.107678	sc: 2.22943e-05	nv: 0.107656
ne: 3.13631e-07	-0.156409	sc: 2.22943e-05	nv: -0.156431
ne: 7.00102e-12	-0.0077922	sc: 2.22943e-05	nv: -0.0078145
ne: 2.14295e-08	0.431037	sc: 2.22943e-05	nv: 0.431014
ne: 1.52733e-13	0.297614	sc: 7.89639e-08	nv: 0.297614
ne: 1.77045e-13	-0.192719	sc: 4.86522e-08	nv: -0.192719
ne: 1.77289e-13	0.282749	sc: 3.32425e-09	nv: 0.282749
ne: 2.20109e-13	0.255867	sc: 7.89639e-08	nv: 0.255867
ne: 3.54544e-13	0.324545	sc: 4.86522e-08	nv: 0.324545
ne: 3.5509e-13	-0.302799	sc: 3.32425e-09	nv: -0.302799
ne: 1.79973e-13	-0.207351	sc: 7.89639e-08	nv: -0.207351
ne: 2.32106e-13	0.181128	sc: 4.86522e-08	nv: 0.181128
ne: 2.32474e-13	-0.222575	sc: 3.32425e-09	nv: -0.222575
-0.0119883
0.119222
before
1:0.118985
ret: 0.0923548
beta: 0.217186
ne: 0.00852941	0.255316	sc: 0.0199732	nv: 0.235342
ne: 0.00852941	-0.0251677	sc: 0.0199732	nv: -0.045141
ne: 0.000637638	0.0327546	sc: 0.00130987	nv: 0.0314447
ne: 0.00177879	-0.0438184	sc: 0.00130987	nv: -0.0451282
ne: 0.000354412	0.107656	sc: 0.00130987	nv: 0.106346
ne: 0.00110272	-0.156431	sc: 0.00130987	nv: -0.157741
ne: 2.48056e-08	-0.0078145	sc: 0.00130987	nv: -0.00912437
ne: 7.54872e-05	0.431014	sc: 0.00130987	nv: 0.429704
ne: 1.86504e-06	0.297614	sc: 0.000273175	nv: 0.297341
ne: 2.16559e-06	-0.192719	sc: 0.000169349	nv: -0.192889
ne: 2.16862e-06	0.282749	sc: 1.15929e-05	nv: 0.282738
ne: 2.68779e-06	0.255867	sc: 0.000273175	nv: 0.255594
ne: 4.34968e-06	0.324545	sc: 0.000169349	nv: 0.324376
ne: 4.35646e-06	-0.302799	sc: 1.15929e-05	nv: -0.30281
ne: 2.19767e-06	-0.207351	sc: 0.000273175	nv: -0.207624
ne: 2.84215e-06	0.181128	sc: 0.000169349	nv: 0.180958
ne: 2.84671e-06	-0.222575	sc: 1.15929e-05	nv: -0.222587
0.0923548
0.0980464
before
0:0.0981829
ret: -0.00869342
beta: 0.215015
ne: 7.55755e-05	0.235342	sc: -0.00186914	nv: 0.237212
ne: 7.55755e-05	-0.045141	sc: -0.00186914	nv: -0.0432718
ne: 3.0162e-08	0.0314447	sc: 1.14904e-05	nv: 0.0314332
ne: 9.22864e-08	-0.0451282	sc: 1.14904e-05	nv: -0.0451397
ne: 2.44544e-08	0.106346	sc: 1.14904e-05	nv: 0.106334
ne: 7.82573e-08	-0.157741	sc: 1.14904e-05	nv: -0.157752
ne: 2.68825e-12	-0.00912437	sc: 1.14904e-05	nv: -0.00913586
ne: 5.96486e-09	0.429704	sc: 1.14904e-05	nv: 0.429693
ne: 5.0227e-15	0.297341	sc: 1.40311e-08	nv: 0.297341
ne: 6.54259e-15	-0.192889	sc: 1.18981e-08	nv: -0.192889
ne: 6.56156e-15	0.282738	sc: 9.06887e-10	nv: 0.282738
ne: 7.24297e-15	0.255594	sc: 1.40311e-08	nv: 0.255594
ne: 1.56316e-14	0.324376	sc: 1.18981e-08	nv: 0.324376
ne: 1.5674e-14	-0.30281	sc: 9.06887e-10	nv: -0.30281
ne: 5.9095e-15	-0.207624	sc: 1.40311e-08	nv: -0.207624
ne: 9.13745e-15	0.180958	sc: 1.18981e-08	nv: 0.180958
ne: 9.16582e-15	-0.222587	sc: 9.06887e-10	nv: -0.222587
-0.00869342
0.100127
before
1:0.100389
ret: 0.0812446
beta: 0.212864
ne: 0.00660069	0.237212	sc: 0.0172373	nv: 0.219974
ne: 0.00660069	-0.0432718	sc: 0.0172373	nv: -0.0605091
ne: 0.000229141	0.0314332	sc: 0.000993511	nv: 0.0304397
ne: 0.000701685	-0.0451397	sc: 0.000993511	nv: -0.0461332
ne: 0.000186334	0.106334	sc: 0.000993511	nv: 0.105341
ne: 0.00059644	-0.157752	sc: 0.000993511	nv: -0.158746
ne: 2.05602e-08	-0.00913586	sc: 0.000993511	nv: -0.0101294
ne: 4.55031e-05	0.429693	sc: 0.000993511	nv: 0.428699
ne: 2.90366e-07	0.297341	sc: 0.000105616	nv: 0.297236
ne: 3.78653e-07	-0.192889	sc: 8.97749e-05	nv: -0.192978
ne: 3.79757e-07	0.282738	sc: 6.84903e-06	nv: 0.282731
ne: 4.18721e-07	0.255594	sc: 0.000105616	nv: 0.255488
ne: 9.05995e-07	0.324376	sc: 8.97749e-05	nv: 0.324286
ne: 9.08467e-07	-0.30281	sc: 6.84903e-06	nv: -0.302817
ne: 3.41632e-07	-0.207624	sc: 0.000105616	nv: -0.207729
ne: 5.29136e-07	0.180958	sc: 8.97749e-05	nv: 0.180868
ne: 5.30788e-07	-0.222587	sc: 6.84903e-06	nv: -0.222594
0.0812446
0.0824195
before
0:0.0821108
ret: -0.00618858
beta: 0.210736
ne: 3.82985e-05	0.219974	sc: -0.00130413	nv: 0.221278
ne: 3.82985e-05	-0.0605091	sc: -0.00130413	nv: -0.059205
ne: 5.51827e-09	0.0304397	sc: 5.70696e-06	nv: 0.030434
ne: 1.81933e-08	-0.0461332	sc: 5.70696e-06	nv: -0.0461389
ne: 5.70675e-09	0.105341	sc: 5.70696e-06	nv: 0.105335
ne: 1.86666e-08	-0.158746	sc: 5.70696e-06	nv: -0.158752
ne: 8.58997e-13	-0.0101294	sc: 5.70696e-06	nv: -0.0101351
ne: 1.53948e-09	0.428699	sc: 5.70696e-06	nv: 0.428694
ne: 1.95268e-16	0.297236	sc: 2.71103e-09	nv: 0.297236
ne: 2.81915e-16	-0.192978	sc: 2.78157e-09	nv: -0.192978
ne: 2.8318e-16	0.282731	sc: 2.29403e-10	nv: 0.282731
ne: 2.81669e-16	0.255488	sc: 2.71103e-09	nv: 0.255488
ne: 7.5938e-16	0.324286	sc: 2.78157e-09	nv: 0.324286
ne: 7.62213e-16	-0.302817	sc: 2.29403e-10	nv: -0.302817
ne: 2.29528e-16	-0.207729	sc: 2.71103e-09	nv: -0.207729
ne: 4.12706e-16	0.180868	sc: 2.78157e-09	nv: 0.180868
ne: 4.14593e-16	-0.222594	sc: 2.29403e-10	nv: -0.222594
-0.00618858
0.0834669
before
0:0.0839338
ret: -0.00645358
beta: 0.208628
ne: 4.16486e-05	0.221278	sc: -0.00134637	nv: 0.222625
ne: 4.16486e-05	-0.059205	sc: -0.00134637	nv: -0.0578586
ne: 6.51398e-09	0.030434	sc: 6.14411e-06	nv: 0.0304278
ne: 2.14854e-08	-0.0461389	sc: 6.14411e-06	nv: -0.0461451
ne: 6.7452e-09	0.105335	sc: 6.14411e-06	nv: 0.105329
ne: 2.20661e-08	-0.158752	sc: 6.14411e-06	nv: -0.158758
ne: 1.01705e-12	-0.0101351	sc: 6.14411e-06	nv: -0.0101412
ne: 1.82065e-09	0.428694	sc: 6.14411e-06	nv: 0.428688
ne: 2.7233e-16	0.297236	sc: 3.16959e-09	nv: 0.297236
ne: 3.9341e-16	-0.192978	sc: 3.25525e-09	nv: -0.192978
ne: 3.9518e-16	0.282731	sc: 2.68587e-10	nv: 0.282731
ne: 3.9283e-16	0.255488	sc: 3.16959e-09	nv: 0.255488
ne: 1.06038e-15	0.324286	sc: 3.25525e-09	nv: 0.324286
ne: 1.06434e-15	-0.302817	sc: 2.68587e-10	nv: -0.302817
ne: 3.20111e-16	-0.207729	sc: 3.16959e-09	nv: -0.207729
ne: 5.76084e-16	0.180868	sc: 3.25525e-09	nv: 0.180868
ne: 5.78723e-16	-0.222594	sc: 2.68587e-10	nv: -0.222594
-0.00645358
0.0853286
before
1:0.0850266
ret: 0.0711822
beta: 0.206542
ne: 0.00506691	0.222625	sc: 0.014665	nv: 0.20796
ne: 0.00506691	-0.0578586	sc: 0.014665	nv: -0.0725236
ne: 9.62226e-05	0.0304278	sc: 0.000740004	nv: 0.0296878
ne: 0.000317525	-0.0461451	sc: 0.000740004	nv: -0.0468851
ne: 9.97767e-05	0.105329	sc: 0.000740004	nv: 0.104589
ne: 0.000326452	-0.158758	sc: 0.000740004	nv: -0.159498
ne: 1.50723e-08	-0.0101412	sc: 0.000740004	nv: -0.0108812
ne: 2.69479e-05	0.428688	sc: 0.000740004	nv: 0.427948
ne: 5.94787e-08	0.297236	sc: 4.63736e-05	nv: 0.297189
ne: 8.59796e-08	-0.192978	sc: 4.76775e-05	nv: -0.193026
ne: 8.63672e-08	0.282731	sc: 3.93566e-06	nv: 0.282727
ne: 8.57968e-08	0.255488	sc: 4.63736e-05	nv: 0.255442
ne: 2.31904e-07	0.324286	sc: 4.76775e-05	nv: 0.324239
ne: 2.32772e-07	-0.302817	sc: 3.93566e-06	nv: -0.302821
ne: 6.99145e-08	-0.207729	sc: 4.63736e-05	nv: -0.207776
ne: 1.25939e-07	0.180868	sc: 4.76775e-05	nv: 0.180821
ne: 1.26517e-07	-0.222594	sc: 3.93566e-06	nv: -0.222598
0.0711822
0.0697602
before
1:0.06993
ret: 0.0604916
beta: 0.204477
ne: 0.00365923	0.20796	sc: 0.0123465	nv: 0.195613
ne: 0.00365923	-0.0725236	sc: 0.0123465	nv: -0.0848702
ne: 3.99042e-05	0.0296878	sc: 0.000529075	nv: 0.0291588
ne: 0.000139429	-0.0468851	sc: 0.000529075	nv: -0.0474142
ne: 4.85808e-05	0.104589	sc: 0.000529075	nv: 0.10406
ne: 0.000161561	-0.159498	sc: 0.000529075	nv: -0.160027
ne: 9.11432e-09	-0.0108812	sc: 0.000529075	nv: -0.0114103
ne: 1.41069e-05	0.427948	sc: 0.000529075	nv: 0.427419
ne: 1.14709e-08	0.297189	sc: 2.01596e-05	nv: 0.297169
ne: 1.79681e-08	-0.193026	sc: 2.33596e-05	nv: -0.193049
ne: 1.80744e-08	0.282727	sc: 2.03967e-06	nv: 0.282725
ne: 1.6549e-08	0.255442	sc: 2.01596e-05	nv: 0.255421
ne: 5.23492e-08	0.324239	sc: 2.33596e-05	nv: 0.324215
ne: 5.25873e-08	-0.302821	sc: 2.03967e-06	nv: -0.302823
ne: 1.34763e-08	-0.207776	sc: 2.01596e-05	nv: -0.207796
ne: 2.71802e-08	0.180821	sc: 2.33596e-05	nv: 0.180797
ne: 2.73385e-08	-0.222598	sc: 2.03967e-06	nv: -0.2226
0.0604916
0.0571024
before
0:0.056894
ret: -0.00305276
beta: 0.202432
ne: 9.31935e-06	0.195613	sc: -0.000617974	nv: 0.196231
ne: 9.31935e-06	-0.0848702	sc: -0.000617974	nv: -0.0842522
ne: 2.21579e-10	0.0291588	sc: 1.33398e-06	nv: 0.0291574
ne: 8.07454e-10	-0.0474142	sc: 1.33398e-06	nv: -0.0474155
ne: 3.00243e-10	0.10406	sc: 1.33398e-06	nv: 0.104058
ne: 1.0103e-09	-0.160027	sc: 1.33398e-06	nv: -0.160028
ne: 6.53374e-14	-0.0114103	sc: 1.33398e-06	nv: -0.0114116
ne: 9.17453e-11	0.427419	sc: 1.33398e-06	nv: 0.427417
ne: 3.84742e-19	0.297169	sc: 1.1558e-10	nv: 0.297169
ne: 6.38935e-19	-0.193049	sc: 1.44615e-10	nv: -0.193049
ne: 6.43431e-19	0.282725	sc: 1.31325e-11	nv: 0.282725
ne: 5.55106e-19	0.255421	sc: 1.1558e-10	nv: 0.255421
ne: 1.95531e-18	0.324215	sc: 1.44615e-10	nv: 0.324215
ne: 1.96538e-18	-0.302823	sc: 1.31325e-11	nv: -0.302823
ne: 4.51883e-19	-0.207796	sc: 1.1558e-10	nv: -0.207796
ne: 9.87432e-19	0.180797	sc: 1.44615e-10	nv: 0.180797
ne: 9.94127e-19	-0.2226	sc: 1.31325e-11	nv: -0.2226
-0.00305276
0.0575356
before
1:0.0571763
ret: 0.050825
beta: 0.200408
ne: 0.00258318	0.196231	sc: 0.0101726	nv: 0.186059
ne: 0.00258318	-0.0842522	sc: 0.0101726	nv: -0.0944248
ne: 1.70176e-05	0.0291574	sc: 0.000366061	nv: 0.0287914
ne: 6.20205e-05	-0.0474155	sc: 0.000366061	nv: -0.0477815
ne: 2.30652e-05	0.104058	sc: 0.000366061	nv: 0.103692
ne: 7.76152e-05	-0.160028	sc: 0.000366061	nv: -0.160394
ne: 5.02118e-09	-0.0114116	sc: 0.000366061	nv: -0.0117777
ne: 7.04894e-06	0.427417	sc: 0.000366061	nv: 0.427051
ne: 2.26989e-09	0.297169	sc: 8.78889e-06	nv: 0.29716
ne: 3.77012e-09	-0.193049	sc: 1.09988e-05	nv: -0.19306
ne: 3.79666e-09	0.282725	sc: 9.98903e-07	nv: 0.282724
ne: 3.27499e-09	0.255421	sc: 8.78889e-06	nv: 0.255413
ne: 1.15389e-08	0.324215	sc: 1.09988e-05	nv: 0.324204
ne: 1.15984e-08	-0.302823	sc: 9.98903e-07	nv: -0.302824
ne: 2.666e-09	-0.207796	sc: 8.78889e-06	nv: -0.207805
ne: 5.82678e-09	0.180797	sc: 1.09988e-05	nv: 0.180786
ne: 5.8663e-09	-0.2226	sc: 9.98903e-07	nv: -0.222601
0.050825
0.0465777
before
0:0.0468042
ret: -0.0020881
beta: 0.198404
ne: 4.36017e-06	0.186059	sc: -0.000414286	nv: 0.186473
ne: 4.36017e-06	-0.0944248	sc: -0.000414286	nv: -0.0940105
ne: 4.36991e-11	0.0287914	sc: 6.11699e-07	nv: 0.0287908
ne: 1.64055e-10	-0.0477815	sc: 6.11699e-07	nv: -0.0477822
ne: 6.35778e-11	0.103692	sc: 6.11699e-07	nv: 0.103692
ne: 2.15699e-10	-0.160394	sc: 6.11699e-07	nv: -0.160395
ne: 1.52918e-14	-0.0117777	sc: 6.11699e-07	nv: -0.0117783
ne: 2.012e-11	0.427051	sc: 6.11699e-07	nv: 0.427051
ne: 1.58831e-20	0.29716	sc: 2.30157e-11	nv: 0.29716
ne: 2.74724e-20	-0.19306	sc: 3.02609e-11	nv: -0.19306
ne: 2.76886e-20	0.282724	sc: 2.82268e-12	nv: 0.282724
ne: 2.29169e-20	0.255413	sc: 2.30157e-11	nv: 0.255413
ne: 8.67467e-20	0.324204	sc: 3.02609e-11	nv: 0.324204
ne: 8.72313e-20	-0.302824	sc: 2.82268e-12	nv: -0.302824
ne: 1.86525e-20	-0.207805	sc: 2.30157e-11	nv: -0.207805
ne: 4.3057e-20	0.180786	sc: 3.02609e-11	nv: 0.180786
ne: 4.33789e-20	-0.222601	sc: 2.82268e-12	nv: -0.222601
-0.0020881
0.0472344
before
1:0.0475836
ret: 0.0431629
beta: 0.19642
ne: 0.00186304	0.186473	sc: 0.00847015	nv: 0.178003
ne: 0.00186304	-0.0940105	sc: 0.00847015	nv: -0.102481
ne: 7.97693e-06	0.0287908	sc: 0.000258756	nv: 0.028532
ne: 2.99485e-05	-0.0477822	sc: 0.000258756	nv: -0.0480409
ne: 1.1607e-05	0.103692	sc: 0.000258756	nv: 0.103433
ne: 3.93792e-05	-0.160395	sc: 0.000258756	nv: -0.160654
ne: 2.79218e-09	-0.0117783	sc: 0.000258756	nv: -0.0120371
ne: 3.67338e-06	0.427051	sc: 0.000258756	nv: 0.426792
ne: 5.29305e-10	0.29716	sc: 4.15954e-06	nv: 0.297156
ne: 9.15578e-10	-0.19306	sc: 5.46936e-06	nv: -0.193066
ne: 9.22786e-10	0.282724	sc: 5.10195e-07	nv: 0.282723
ne: 7.63705e-10	0.255413	sc: 4.15954e-06	nv: 0.255408
ne: 2.89117e-09	0.324204	sc: 5.46936e-06	nv: 0.324199
ne: 2.90732e-09	-0.302824	sc: 5.10195e-07	nv: -0.302825
ne: 6.21592e-10	-0.207805	sc: 4.15954e-06	nv: -0.207809
ne: 1.435e-09	0.180786	sc: 5.46936e-06	nv: 0.180781
ne: 1.44573e-09	-0.222601	sc: 5.10195e-07	nv: -0.222601
0.0431629
0.0387946
before
0:0.0383974
ret: -0.00141775
beta: 0.194455
ne: 2.01e-06	0.178003	sc: -0.000275688	nv: 0.178278
ne: 2.01e-06	-0.102481	sc: -0.000275688	nv: -0.102205
ne: 8.64155e-12	0.028532	sc: 2.76377e-07	nv: 0.0285317
ne: 3.31406e-11	-0.0480409	sc: 2.76377e-07	nv: -0.0480412
ne: 1.3201e-11	0.103433	sc: 2.76377e-07	nv: 0.103433
ne: 4.5048e-11	-0.160654	sc: 2.76377e-07	nv: -0.160654
ne: 3.40292e-15	-0.0120371	sc: 2.76377e-07	nv: -0.0120373
ne: 4.28142e-12	0.426792	sc: 2.76377e-07	nv: 0.426791
ne: 6.48167e-22	0.297156	sc: 4.55686e-12	nv: 0.297156
ne: 1.15371e-21	-0.193066	sc: 6.19413e-12	nv: -0.193066
ne: 1.1635e-21	0.282723	sc: 5.88698e-13	nv: 0.282723
ne: 9.35221e-22	0.255408	sc: 4.55686e-12	nv: 0.255408
ne: 3.7194e-21	0.324199	sc: 6.19413e-12	nv: 0.324199
ne: 3.74134e-21	-0.302825	sc: 5.88698e-13	nv: -0.302825
ne: 7.61128e-22	-0.207809	sc: 4.55686e-12	nv: -0.207809
ne: 1.82543e-21	0.180781	sc: 6.19413e-12	nv: 0.180781
ne: 1.84001e-21	-0.222601	sc: 5.88698e-13	nv: -0.222601
-0.00141775
0.0386837
before
0:0.0393181
ret: -0.00148513
beta: 0.192511
ne: 2.20561e-06	0.178278	sc: -0.000285903	nv: 0.178564
ne: 2.20561e-06	-0.102205	sc: -0.000285903	nv: -0.101919
ne: 1.04045e-11	0.0285317	sc: 3.0024e-07	nv: 0.0285314
ne: 3.99026e-11	-0.0480412	sc: 3.0024e-07	nv: -0.0480415
ne: 1.58949e-11	0.103433	sc: 3.0024e-07	nv: 0.103432
ne: 5.42414e-11	-0.160654	sc: 3.0024e-07	nv: -0.160654
ne: 4.09766e-15	-0.0120373	sc: 3.0024e-07	nv: -0.0120376
ne: 5.15527e-12	0.426791	sc: 3.0024e-07	nv: 0.426791
ne: 9.39654e-22	0.297156	sc: 5.43176e-12	nv: 0.297156
ne: 1.6726e-21	-0.193066	sc: 7.38365e-12	nv: -0.193066
ne: 1.68679e-21	0.282723	sc: 7.01765e-13	nv: 0.282723
ne: 1.3558e-21	0.255408	sc: 5.43176e-12	nv: 0.255408
ne: 5.39232e-21	0.324199	sc: 7.38365e-12	nv: 0.324199
ne: 5.42414e-21	-0.302825	sc: 7.01765e-13	nv: -0.302825
ne: 1.10341e-21	-0.207809	sc: 5.43176e-12	nv: -0.207809
ne: 2.64645e-21	0.180781	sc: 7.38365e-12	nv: 0.180781
ne: 2.66758e-21	-0.222601	sc: 7.01765e-13	nv: -0.222601
-0.00148513
0.0396139
before
1:0.0392195
ret: 0.0362035
beta: 0.190586
ne: 0.00131069	0.178564	sc: 0.00689534	nv: 0.171669
ne: 0.00131069	-0.101919	sc: 0.00689534	nv: -0.108814
ne: 3.67393e-06	0.0285314	sc: 0.000176634	nv: 0.0283548
ne: 1.40903e-05	-0.0480415	sc: 0.000176634	nv: -0.0482181
ne: 5.61296e-06	0.103432	sc: 0.000176634	nv: 0.103256
ne: 1.91543e-05	-0.160654	sc: 0.000176634	nv: -0.160831
ne: 1.44712e-09	-0.0120376	sc: 0.000176634	nv: -0.0122143
ne: 1.82052e-06	0.426791	sc: 0.000176634	nv: 0.426615
ne: 1.17167e-10	0.297156	sc: 1.89887e-06	nv: 0.297154
ne: 2.08566e-10	-0.193066	sc: 2.58132e-06	nv: -0.193068
ne: 2.10337e-10	0.282723	sc: 2.45342e-07	nv: 0.282723
ne: 1.69057e-10	0.255408	sc: 1.89887e-06	nv: 0.255406
ne: 6.72418e-10	0.324199	sc: 2.58132e-06	nv: 0.324196
ne: 6.76385e-10	-0.302825	sc: 2.45342e-07	nv: -0.302825
ne: 1.37587e-10	-0.207809	sc: 1.89887e-06	nv: -0.207811
ne: 3.30006e-10	0.180781	sc: 2.58132e-06	nv: 0.180778
ne: 3.32641e-10	-0.222601	sc: 2.45342e-07	nv: -0.222602
0.0362035
0.0320653
before
1:0.03226
ret: 0.0302122
beta: 0.18868
ne: 0.000912777	0.171669	sc: 0.00569783	nv: 0.165971
ne: 0.000912777	-0.108814	sc: 0.00569783	nv: -0.114512
ne: 1.69777e-06	0.0283548	sc: 0.00012178	nv: 0.028233
ne: 6.60736e-06	-0.0482181	sc: 0.00012178	nv: -0.0483399
ne: 2.67972e-06	0.103256	sc: 0.00012178	nv: 0.103134
ne: 9.18102e-06	-0.160831	sc: 0.00012178	nv: -0.160952
ne: 7.2381e-10	-0.0122143	sc: 0.00012178	nv: -0.0123361
ne: 8.83723e-07	0.426615	sc: 0.00012178	nv: 0.426493
ne: 2.57648e-11	0.297154	sc: 8.81533e-07	nv: 0.297153
ne: 4.67645e-11	-0.193068	sc: 1.2249e-06	nv: -0.19307
ne: 4.71817e-11	0.282723	sc: 1.17904e-07	nv: 0.282723
ne: 3.71756e-11	0.255406	sc: 8.81533e-07	nv: 0.255406
ne: 1.52823e-10	0.324196	sc: 1.2249e-06	nv: 0.324195
ne: 1.53758e-10	-0.302825	sc: 1.17904e-07	nv: -0.302825
ne: 3.02542e-11	-0.207811	sc: 8.81533e-07	nv: -0.207812
ne: 7.44587e-11	0.180778	sc: 1.2249e-06	nv: 0.180777
ne: 7.50796e-11	-0.222602	sc: 1.17904e-07	nv: -0.222602
0.0302122
0.0263543
before
0:0.0260934
ret: -0.000663097
beta: 0.186793
ne: 4.39698e-07	0.165971	sc: -0.000123862	nv: 0.166095
ne: 4.39698e-07	-0.114512	sc: -0.000123862	nv: -0.114388
ne: 3.81183e-13	0.028233	sc: 5.80765e-08	nv: 0.028233
ne: 1.49864e-12	-0.0483399	sc: 5.80765e-08	nv: -0.04834
ne: 6.15146e-13	0.103134	sc: 5.80765e-08	nv: 0.103134
ne: 2.11335e-12	-0.160952	sc: 5.80765e-08	nv: -0.160953
ne: 1.71527e-16	-0.0123361	sc: 5.80765e-08	nv: -0.0123361
ne: 2.05195e-13	0.426493	sc: 5.80765e-08	nv: 0.426493
ne: 1.32546e-24	0.297153	sc: 1.97944e-13	nv: 0.297153
ne: 2.43818e-24	-0.19307	sc: 2.79137e-13	nv: -0.19307
ne: 2.46067e-24	0.282723	sc: 2.71027e-14	nv: 0.282723
ne: 1.9125e-24	0.255406	sc: 1.97944e-13	nv: 0.255406
ne: 8.04022e-24	0.324195	sc: 2.79137e-13	nv: 0.324195
ne: 8.09062e-24	-0.302825	sc: 2.71027e-14	nv: -0.302825
ne: 1.55639e-24	-0.207812	sc: 1.97944e-13	nv: -0.207812
ne: 3.89854e-24	0.180777	sc: 2.79137e-13	nv: 0.180777
ne: 3.93202e-24	-0.222602	sc: 2.71027e-14	nv: -0.222602
-0.000663097
0.0262219
before
1:0.0257983
ret: 0.0244844
beta: 0.184925
ne: 0.000599486	0.166095	sc: 0.00452643	nv: 0.161569
ne: 0.000599486	-0.114388	sc: 0.00452643	nv: -0.118915
ne: 7.0856e-07	0.028233	sc: 7.83899e-05	nv: 0.0281546
ne: 2.78575e-06	-0.04834	sc: 7.83899e-05	nv: -0.0484184
ne: 1.14347e-06	0.103134	sc: 7.83899e-05	nv: 0.103056
ne: 3.92843e-06	-0.160953	sc: 7.83899e-05	nv: -0.161031
ne: 3.1885e-10	-0.0123361	sc: 7.83899e-05	nv: -0.0124145
ne: 3.81431e-07	0.426493	sc: 7.83899e-05	nv: 0.426414
ne: 4.57992e-12	0.297153	sc: 3.6427e-07	nv: 0.297153
ne: 8.42476e-12	-0.19307	sc: 5.13688e-07	nv: -0.19307
ne: 8.50249e-12	0.282723	sc: 4.98766e-08	nv: 0.282723
ne: 6.60831e-12	0.255406	sc: 3.6427e-07	nv: 0.255405
ne: 2.77819e-11	0.324195	sc: 5.13688e-07	nv: 0.324194
ne: 2.79561e-11	-0.302825	sc: 4.98766e-08	nv: -0.302825
ne: 5.37786e-12	-0.207812	sc: 3.6427e-07	nv: -0.207812
ne: 1.34708e-11	0.180777	sc: 5.13688e-07	nv: 0.180777
ne: 1.35865e-11	-0.222602	sc: 4.98766e-08	nv: -0.222602
0.0244844
0.0210902
before
0:0.0213601
ret: -0.000446507
beta: 0.183076
ne: 1.99369e-07	0.161569	sc: -8.17447e-05	nv: 0.16165
ne: 1.99369e-07	-0.118915	sc: -8.17447e-05	nv: -0.118833
ne: 7.6731e-14	0.0281546	sc: 2.58091e-08	nv: 0.0281545
ne: 3.03662e-13	-0.0484184	sc: 2.58091e-08	nv: -0.0484184
ne: 1.25594e-13	0.103056	sc: 2.58091e-08	nv: 0.103055
ne: 4.32246e-13	-0.161031	sc: 2.58091e-08	nv: -0.161031
ne: 3.57415e-17	-0.0124145	sc: 2.58091e-08	nv: -0.0124145
ne: 4.22032e-14	0.426414	sc: 2.58091e-08	nv: 0.426414
ne: 5.44195e-26	0.297153	sc: 3.93103e-14	nv: 0.297153
ne: 1.00968e-25	-0.19307	sc: 5.5956e-14	nv: -0.19307
ne: 1.0192e-25	0.282723	sc: 5.46338e-15	nv: 0.282723
ne: 7.85213e-26	0.255405	sc: 3.93103e-14	nv: 0.255405
ne: 3.34863e-25	0.324194	sc: 5.5956e-14	nv: 0.324194
ne: 3.36995e-25	-0.302825	sc: 5.46338e-15	nv: -0.302825
ne: 6.39003e-26	-0.207812	sc: 3.93103e-14	nv: -0.207812
ne: 1.61878e-25	0.180777	sc: 5.5956e-14	nv: 0.180777
ne: 1.63294e-25	-0.222602	sc: 5.46338e-15	nv: -0.222602
-0.000446507
0.0214449
before
1:0.0218384
ret: 0.020895
beta: 0.181245
ne: 0.0004366	0.16165	sc: 0.00378628	nv: 0.157864
ne: 0.0004366	-0.118833	sc: 0.00378628	nv: -0.122619
ne: 3.67977e-07	0.0281545	sc: 5.59545e-05	nv: 0.0280986
ne: 1.45626e-06	-0.0484184	sc: 5.59545e-05	nv: -0.0484743
ne: 6.0231e-07	0.103055	sc: 5.59545e-05	nv: 0.103
ne: 2.07292e-06	-0.161031	sc: 5.59545e-05	nv: -0.161087
ne: 1.71406e-10	-0.0124145	sc: 5.59545e-05	nv: -0.0124705
ne: 2.02394e-07	0.426414	sc: 5.59545e-05	nv: 0.426358
ne: 1.25157e-12	0.297153	sc: 1.86634e-07	nv: 0.297153
ne: 2.32213e-12	-0.19307	sc: 2.65664e-07	nv: -0.19307
ne: 2.34401e-12	0.282723	sc: 2.59388e-08	nv: 0.282723
ne: 1.80588e-12	0.255405	sc: 1.86634e-07	nv: 0.255405
ne: 7.70141e-12	0.324194	sc: 2.65664e-07	nv: 0.324194
ne: 7.75045e-12	-0.302825	sc: 2.59388e-08	nv: -0.302825
ne: 1.46962e-12	-0.207812	sc: 1.86634e-07	nv: -0.207812
ne: 3.72297e-12	0.180777	sc: 2.65664e-07	nv: 0.180776
ne: 3.75555e-12	-0.222602	sc: 2.59388e-08	nv: -0.222602
0.020895
0.0179141
before
0:0.0174739
ret: -0.000300003
beta: 0.179433
ne: 9.00019e-08	0.157864	sc: -5.38304e-05	nv: 0.157918
ne: 9.00019e-08	-0.122619	sc: -5.38304e-05	nv: -0.122566
ne: 1.54044e-14	0.0280986	sc: 1.14193e-08	nv: 0.0280986
ne: 6.12503e-14	-0.0484743	sc: 1.14193e-08	nv: -0.0484743
ne: 2.54689e-14	0.103	sc: 1.14193e-08	nv: 0.103
ne: 8.77649e-14	-0.161087	sc: 1.14193e-08	nv: -0.161087
ne: 7.35368e-18	-0.0124705	sc: 1.14193e-08	nv: -0.0124705
ne: 8.60318e-15	0.426358	sc: 1.14193e-08	nv: 0.426358
ne: 2.21407e-27	0.297153	sc: 7.77131e-15	nv: 0.297153
ne: 4.13313e-27	-0.19307	sc: 1.11354e-14	nv: -0.19307
ne: 4.17267e-27	0.282723	sc: 1.09155e-15	nv: 0.282723
ne: 3.19466e-27	0.255405	sc: 7.77131e-15	nv: 0.255405
ne: 1.37629e-26	0.324194	sc: 1.11354e-14	nv: 0.324194
ne: 1.38515e-26	-0.302825	sc: 1.09155e-15	nv: -0.302825
ne: 2.59979e-27	-0.207812	sc: 7.77131e-15	nv: -0.207812
ne: 6.63908e-27	0.180776	sc: 1.11354e-14	nv: 0.180776
ne: 6.69793e-27	-0.222602	sc: 1.09155e-15	nv: -0.222602
-0.000300003
0.0175298
before
0:0.0182433
ret: -0.000326747
beta: 0.177638
ne: 1.06764e-07	0.157918	sc: -5.80428e-05	nv: 0.157976
ne: 1.06764e-07	-0.122566	sc: -5.80428e-05	nv: -0.122507
ne: 2.16764e-14	0.0280986	sc: 1.34105e-08	nv: 0.0280986
ne: 8.61889e-14	-0.0484743	sc: 1.34105e-08	nv: -0.0484744
ne: 3.58388e-14	0.103	sc: 1.34105e-08	nv: 0.103
ne: 1.23499e-13	-0.161087	sc: 1.34105e-08	nv: -0.161087
ne: 1.03478e-17	-0.0124705	sc: 1.34105e-08	nv: -0.0124705
ne: 1.21061e-14	0.426358	sc: 1.34105e-08	nv: 0.426358
ne: 4.38407e-27	0.297153	sc: 1.08261e-14	nv: 0.297153
ne: 8.18401e-27	-0.19307	sc: 1.55127e-14	nv: -0.19307
ne: 8.2623e-27	0.282723	sc: 1.52063e-15	nv: 0.282723
ne: 6.32573e-27	0.255405	sc: 1.08261e-14	nv: 0.255405
ne: 2.72519e-26	0.324194	sc: 1.55127e-14	nv: 0.324194
ne: 2.74273e-26	-0.302825	sc: 1.52063e-15	nv: -0.302825
ne: 5.14783e-27	-0.207812	sc: 1.08261e-14	nv: -0.207812
ne: 1.3146e-26	0.180776	sc: 1.55127e-14	nv: 0.180776
ne: 1.32626e-26	-0.222602	sc: 1.52063e-15	nv: -0.222602
-0.000326747
0.0183034
before
1:0.0178652
ret: 0.0172326
beta: 0.175862
ne: 0.000296961	0.157976	sc: 0.0030301	nv: 0.154946
ne: 0.000296961	-0.122507	sc: 0.0030301	nv: -0.125538
ne: 1.67702e-07	0.0280986	sc: 3.69281e-05	nv: 0.0280616
ne: 6.66811e-07	-0.0484744	sc: 3.69281e-05	nv: -0.0485113
ne: 2.77272e-07	0.103	sc: 3.69281e-05	nv: 0.102963
ne: 9.55469e-07	-0.161087	sc: 3.69281e-05	nv: -0.161124
ne: 8.00576e-11	-0.0124705	sc: 3.69281e-05	nv: -0.0125074
ne: 9.36603e-08	0.426358	sc: 3.69281e-05	nv: 0.426321
ne: 2.6241e-13	0.297153	sc: 8.292e-08	nv: 0.297153
ne: 4.89857e-13	-0.19307	sc: 1.18816e-07	nv: -0.193071
ne: 4.94543e-13	0.282723	sc: 1.1647e-08	nv: 0.282723
ne: 3.78628e-13	0.255405	sc: 8.292e-08	nv: 0.255405
ne: 1.63117e-12	0.324194	sc: 1.18816e-07	nv: 0.324194
ne: 1.64167e-12	-0.302825	sc: 1.1647e-08	nv: -0.302825
ne: 3.08125e-13	-0.207812	sc: 8.292e-08	nv: -0.207812
ne: 7.86861e-13	0.180776	sc: 1.18816e-07	nv: 0.180776
ne: 7.93836e-13	-0.222602	sc: 1.1647e-08	nv: -0.222602
0.0172326
0.0147238
before
1:0.0149306
ret: 0.0144881
beta: 0.174103
ne: 0.000209905	0.154946	sc: 0.00252216	nv: 0.152424
ne: 0.000209905	-0.125538	sc: 0.00252216	nv: -0.12806
ne: 8.29655e-08	0.0280616	sc: 2.58413e-05	nv: 0.0280358
ne: 3.30912e-07	-0.0485113	sc: 2.58413e-05	nv: -0.0485371
ne: 1.38081e-07	0.102963	sc: 2.58413e-05	nv: 0.102937
ne: 4.7622e-07	-0.161124	sc: 2.58413e-05	nv: -0.16115
ne: 4.02504e-11	-0.0125074	sc: 2.58413e-05	nv: -0.0125333
ne: 4.68038e-08	0.426321	sc: 2.58413e-05	nv: 0.426296
ne: 6.46249e-14	0.297153	sc: 4.07384e-08	nv: 0.297153
ne: 1.21127e-13	-0.193071	sc: 5.86273e-08	nv: -0.193071
ne: 1.22297e-13	0.282723	sc: 5.762e-09	nv: 0.282723
ne: 9.32466e-14	0.255405	sc: 4.07384e-08	nv: 0.255405
ne: 4.04401e-13	0.324194	sc: 5.86273e-08	nv: 0.324194
ne: 4.07023e-13	-0.302825	sc: 5.762e-09	nv: -0.302825
ne: 7.58833e-14	-0.207812	sc: 4.07384e-08	nv: -0.207812
ne: 1.94809e-13	0.180776	sc: 5.86273e-08	nv: 0.180776
ne: 1.96551e-13	-0.222602	sc: 5.762e-09	nv: -0.222602
0.0144881
0.0123179
before
0:0.0120331
ret: -0.000143053
beta: 0.172362
ne: 2.04642e-08	0.152424	sc: -2.4657e-05	nv: 0.152448
ne: 2.04642e-08	-0.12806	sc: -2.4657e-05	nv: -0.128035
ne: 7.83162e-16	0.0280358	sc: 2.49415e-09	nv: 0.0280358
ne: 3.13049e-15	-0.0485371	sc: 2.49415e-09	nv: -0.0485371
ne: 1.30946e-15	0.102937	sc: 2.49415e-09	nv: 0.102937
ne: 4.51876e-15	-0.16115	sc: 2.49415e-09	nv: -0.16115
ne: 3.84254e-19	-0.0125333	sc: 2.49415e-09	nv: -0.0125333
ne: 4.44924e-16	0.426296	sc: 2.49415e-09	nv: 0.426296
ne: 5.78363e-30	0.297153	sc: 3.8154e-16	nv: 0.297153
ne: 1.08709e-29	-0.193071	sc: 5.50739e-16	nv: -0.193071
ne: 1.09767e-29	0.282723	sc: 5.42266e-17	nv: 0.282723
ne: 8.34515e-30	0.255405	sc: 3.8154e-16	nv: 0.255405
ne: 3.63606e-29	0.324194	sc: 5.50739e-16	nv: 0.324194
ne: 3.65976e-29	-0.302825	sc: 5.42266e-17	nv: -0.302825
ne: 6.79121e-30	-0.207812	sc: 3.8154e-16	nv: -0.207812
ne: 1.7499e-29	0.180776	sc: 5.50739e-16	nv: 0.180776
ne: 1.76564e-29	-0.222602	sc: 5.42266e-17	nv: -0.222602
-0.000143053
0.0120587
before
1:0.0116059
ret: 0.0113381
beta: 0.170639
ne: 0.000128552	0.152448	sc: 0.00193459	nv: 0.150514
ne: 0.000128552	-0.128035	sc: 0.00193459	nv: -0.12997
ne: 3.09042e-08	0.0280358	sc: 1.5511e-05	nv: 0.0280203
ne: 1.23532e-07	-0.0485371	sc: 1.5511e-05	nv: -0.0485527
ne: 5.16723e-08	0.102937	sc: 1.5511e-05	nv: 0.102921
ne: 1.78314e-07	-0.16115	sc: 1.5511e-05	nv: -0.161165
ne: 1.5163e-11	-0.0125333	sc: 1.5511e-05	nv: -0.0125488
ne: 1.75571e-08	0.426296	sc: 1.5511e-05	nv: 0.42628
ne: 9.00603e-15	0.297153	sc: 1.49053e-08	nv: 0.297153
ne: 1.69277e-14	-0.193071	sc: 2.15153e-08	nv: -0.193071
ne: 1.70924e-14	0.282723	sc: 2.11843e-09	nv: 0.282723
ne: 1.29947e-14	0.255405	sc: 1.49053e-08	nv: 0.255405
ne: 5.66192e-14	0.324194	sc: 2.15153e-08	nv: 0.324194
ne: 5.69882e-14	-0.302825	sc: 2.11843e-09	nv: -0.302825
ne: 1.0575e-14	-0.207812	sc: 1.49053e-08	nv: -0.207812
ne: 2.72487e-14	0.180776	sc: 2.15153e-08	nv: 0.180776
ne: 2.74938e-14	-0.222602	sc: 2.11843e-09	nv: -0.222602
0.0113381
0.00959439
before
0:0.0098837
ret: -9.67221e-05
beta: 0.168932
ne: 9.35517e-09	0.150514	sc: -1.63395e-05	nv: 0.15053
ne: 9.35517e-09	-0.12997	sc: -1.63395e-05	nv: -0.129953
ne: 1.62993e-16	0.0280203	sc: 1.1175e-09	nv: 0.0280203
ne: 6.52379e-16	-0.0485527	sc: 1.1175e-09	nv: -0.0485527
ne: 2.73282e-16	0.102921	sc: 1.1175e-09	nv: 0.102921
ne: 9.43387e-16	-0.161165	sc: 1.1175e-09	nv: -0.161165
ne: 8.05137e-20	-0.0125488	sc: 1.1175e-09	nv: -0.0125488
ne: 9.29892e-17	0.42628	sc: 1.1175e-09	nv: 0.42628
ne: 2.51174e-31	0.297153	sc: 7.79287e-17	nv: 0.297153
ne: 4.72906e-31	-0.193071	sc: 1.12691e-16	nv: -0.193071
ne: 4.77526e-31	0.282723	sc: 1.11079e-17	nv: 0.282723
ne: 3.62417e-31	0.255405	sc: 7.79287e-17	nv: 0.255405
ne: 1.58349e-30	0.324194	sc: 1.12691e-16	nv: 0.324194
ne: 1.59384e-30	-0.302825	sc: 1.11079e-17	nv: -0.302825
ne: 2.94931e-31	-0.207812	sc: 7.79287e-17	nv: -0.207812
ne: 7.61634e-31	0.180776	sc: 1.12691e-16	nv: 0.180776
ne: 7.6851e-31	-0.222602	sc: 1.11079e-17	nv: -0.222602
-9.67221e-05
0.00990067
before
1:0.0103141
ret: 0.0101024
beta: 0.167243
ne: 0.000102059	0.15053	sc: 0.00168947	nv: 0.148841
ne: 0.000102059	-0.129953	sc: 0.00168947	nv: -0.131643
ne: 1.93986e-08	0.0280203	sc: 1.20694e-05	nv: 0.0280082
ne: 7.76428e-08	-0.0485527	sc: 1.20694e-05	nv: -0.0485647
ne: 3.25246e-08	0.102921	sc: 1.20694e-05	nv: 0.102909
ne: 1.12277e-07	-0.161165	sc: 1.20694e-05	nv: -0.161177
ne: 9.58234e-12	-0.0125488	sc: 1.20694e-05	nv: -0.0125609
ne: 1.10671e-08	0.42628	sc: 1.20694e-05	nv: 0.426268
ne: 3.55777e-15	0.297153	sc: 9.18193e-09	nv: 0.297153
ne: 6.6985e-15	-0.193071	sc: 1.32777e-08	nv: -0.193071
ne: 6.76394e-15	0.282723	sc: 1.30878e-09	nv: 0.282723
ne: 5.13347e-15	0.255405	sc: 9.18193e-09	nv: 0.255405
ne: 2.24294e-14	0.324194	sc: 1.32777e-08	nv: 0.324194
ne: 2.2576e-14	-0.302825	sc: 1.30878e-09	nv: -0.302825
ne: 4.17757e-15	-0.207812	sc: 9.18193e-09	nv: -0.207812
ne: 1.07882e-14	0.180776	sc: 1.32777e-08	nv: 0.180776
ne: 1.08856e-14	-0.222602	sc: 1.30878e-09	nv: -0.222602
0.0101024
0.0085635
before
0:0.008104
ret: -6.51426e-05
beta: 0.165571
ne: 4.24356e-09	0.148841	sc: -1.07857e-05	nv: 0.148851
ne: 4.24356e-09	-0.131643	sc: -1.07857e-05	nv: -0.131632
ne: 3.34297e-17	0.0280082	sc: 4.96819e-10	nv: 0.0280082
ne: 1.33938e-16	-0.0485647	sc: 4.96819e-10	nv: -0.0485647
ne: 5.61703e-17	0.102909	sc: 4.96819e-10	nv: 0.102909
ne: 1.93957e-16	-0.161177	sc: 4.96819e-10	nv: -0.161177
ne: 1.66002e-20	-0.0125609	sc: 4.96819e-10	nv: -0.0125609
ne: 1.91345e-17	0.426268	sc: 4.96819e-10	nv: 0.426268
ne: 1.05873e-32	0.297153	sc: 1.5681e-17	nv: 0.297153
ne: 1.99599e-32	-0.193071	sc: 2.27077e-17	nv: -0.193071
ne: 2.01555e-32	0.282723	sc: 2.24019e-18	nv: 0.282723
ne: 1.52763e-32	0.255405	sc: 1.5681e-17	nv: 0.255405
ne: 6.68905e-32	0.324194	sc: 2.27077e-17	nv: 0.324194
ne: 6.73288e-32	-0.302825	sc: 2.24019e-18	nv: -0.302825
ne: 1.24317e-32	-0.207812	sc: 1.5681e-17	nv: -0.207812
ne: 3.21591e-32	0.180776	sc: 2.27077e-17	nv: 0.180776
ne: 3.24503e-32	-0.222602	sc: 2.24019e-18	nv: -0.222602
-6.51426e-05
0.0081152
before
0:0.0088639
ret: -7.78723e-05
beta: 0.163915
ne: 6.0641e-09	0.148851	sc: -1.27644e-05	nv: 0.148864
ne: 6.0641e-09	-0.131632	sc: -1.27644e-05	nv: -0.131619
ne: 6.8266e-17	0.0280082	sc: 7.02861e-10	nv: 0.0280082
ne: 2.73512e-16	-0.0485647	sc: 7.02861e-10	nv: -0.0485647
ne: 1.14704e-16	0.102909	sc: 7.02861e-10	nv: 0.102909
ne: 3.96074e-16	-0.161177	sc: 7.02861e-10	nv: -0.161177
ne: 3.38989e-20	-0.0125609	sc: 7.02861e-10	nv: -0.0125609
ne: 3.90741e-17	0.426268	sc: 7.02861e-10	nv: 0.426268
ne: 4.41498e-32	0.297153	sc: 3.17015e-17	nv: 0.297153
ne: 8.3234e-32	-0.193071	sc: 4.5907e-17	nv: -0.193071
ne: 8.40497e-32	0.282723	sc: 4.52889e-18	nv: 0.282723
ne: 6.37034e-32	0.255405	sc: 3.17015e-17	nv: 0.255405
ne: 2.78938e-31	0.324194	sc: 4.5907e-17	nv: 0.324194
ne: 2.80766e-31	-0.302825	sc: 4.52889e-18	nv: -0.302825
ne: 5.18412e-32	-0.207812	sc: 3.17015e-17	nv: -0.207812
ne: 1.34106e-31	0.180776	sc: 4.5907e-17	nv: 0.180776
ne: 1.3532e-31	-0.222602	sc: 4.52889e-18	nv: -0.222602
-7.78723e-05
0.00887711
before
1:0.00841954
ret: 0.00827836
beta: 0.162276
ne: 6.85312e-05	0.148864	sc: 0.00134333	nv: 0.147521
ne: 6.85312e-05	-0.131619	sc: 0.00134333	nv: -0.132963
ne: 8.71863e-09	0.0280082	sc: 7.86369e-06	nv: 0.0280003
ne: 3.49318e-08	-0.0485647	sc: 7.86369e-06	nv: -0.0485726
ne: 1.46495e-08	0.102909	sc: 7.86369e-06	nv: 0.102901
ne: 5.05848e-08	-0.161177	sc: 7.86369e-06	nv: -0.161185
ne: 4.32941e-12	-0.0125609	sc: 7.86369e-06	nv: -0.0125687
ne: 4.99037e-09	0.426268	sc: 7.86369e-06	nv: 0.42626
ne: 7.2014e-16	0.297153	sc: 4.00829e-09	nv: 0.297153
ne: 1.35765e-15	-0.193071	sc: 5.80441e-09	nv: -0.193071
ne: 1.37096e-15	0.282723	sc: 5.72626e-10	nv: 0.282723
ne: 1.03908e-15	0.255405	sc: 4.00829e-09	nv: 0.255405
ne: 4.54983e-15	0.324194	sc: 5.80441e-09	nv: 0.324194
ne: 4.57965e-15	-0.302825	sc: 5.72626e-10	nv: -0.302825
ne: 8.45596e-16	-0.207812	sc: 4.00829e-09	nv: -0.207812
ne: 2.18743e-15	0.180776	sc: 5.80441e-09	nv: 0.180776
ne: 2.20724e-15	-0.222602	sc: 5.72626e-10	nv: -0.222602
0.00827836
0.00702712
before
1:0.00723929
ret: 0.00713486
beta: 0.160653
ne: 5.09062e-05	0.147521	sc: 0.00114621	nv: 0.146375
ne: 5.09062e-05	-0.132963	sc: 0.00114621	nv: -0.134109
ne: 4.80071e-09	0.0280003	sc: 5.78288e-06	nv: 0.0279946
ne: 1.92472e-08	-0.0485726	sc: 5.78288e-06	nv: -0.0485784
ne: 8.07768e-09	0.102901	sc: 5.78288e-06	nv: 0.102896
ne: 2.78973e-08	-0.161185	sc: 5.78288e-06	nv: -0.161191
ne: 2.39206e-12	-0.0125687	sc: 5.78288e-06	nv: -0.0125745
ne: 2.75369e-09	0.42626	sc: 5.78288e-06	nv: 0.426254
ne: 2.18629e-16	0.297153	sc: 2.18645e-09	nv: 0.297153
ne: 4.12527e-16	-0.193071	sc: 3.1691e-09	nv: -0.193071
ne: 4.16578e-16	0.282723	sc: 3.12816e-10	nv: 0.282723
ne: 3.15458e-16	0.255405	sc: 2.18645e-09	nv: 0.255405
ne: 1.38324e-15	0.324194	sc: 3.1691e-09	nv: 0.324194
ne: 1.39232e-15	-0.302825	sc: 3.12816e-10	nv: -0.302825
ne: 2.56717e-16	-0.207812	sc: 2.18645e-09	nv: -0.207812
ne: 6.64834e-16	0.180776	sc: 3.1691e-09	nv: 0.180776
ne: 6.70863e-16	-0.222602	sc: 3.12816e-10	nv: -0.222602
0.00713486
0.00605205
before
0:0.00575671
ret: -3.2949e-05
beta: 0.159046
ne: 1.08563e-09	0.146375	sc: -5.24041e-06	nv: 0.14638
ne: 1.08563e-09	-0.134109	sc: -5.24041e-06	nv: -0.134104
ne: 2.18003e-18	0.0279946	sc: 1.22093e-10	nv: 0.0279946
ne: 8.74453e-18	-0.0485784	sc: 1.22093e-10	nv: -0.0485784
ne: 3.6719e-18	0.102896	sc: 1.22093e-10	nv: 0.102896
ne: 1.2683e-17	-0.161191	sc: 1.22093e-10	nv: -0.161191
ne: 1.08898e-21	-0.0125745	sc: 1.22093e-10	nv: -0.0125745
ne: 1.25243e-18	0.426254	sc: 1.22093e-10	nv: 0.426254
ne: 4.51283e-35	0.297153	sc: 9.83434e-19	nv: 0.297153
ne: 8.52052e-35	-0.193071	sc: 1.42637e-18	nv: -0.193071
ne: 8.60432e-35	0.282723	sc: 1.40852e-19	nv: 0.282723
ne: 6.51152e-35	0.255405	sc: 9.83434e-19	nv: 0.255405
ne: 2.85817e-34	0.324194	sc: 1.42637e-18	nv: 0.324194
ne: 2.87695e-34	-0.302825	sc: 1.40852e-19	nv: -0.302825
ne: 5.29901e-35	-0.207812	sc: 9.83434e-19	nv: -0.207812
ne: 1.37344e-34	0.180776	sc: 1.42637e-18	nv: 0.180776
ne: 1.38591e-34	-0.222602	sc: 1.40852e-19	nv: -0.222602
-3.2949e-05
0.00576215
before
1:0.00529635
ret: 0.00524039
beta: 0.157456
ne: 2.74617e-05	0.14638	sc: 0.000825119	nv: 0.145555
ne: 2.74617e-05	-0.134104	sc: 0.000825119	nv: -0.134929
ne: 1.39493e-09	0.0279946	sc: 3.05754e-06	nv: 0.0279915
ne: 5.59532e-09	-0.0485784	sc: 3.05754e-06	nv: -0.0485814
ne: 2.34952e-09	0.102896	sc: 3.05754e-06	nv: 0.102892
ne: 8.11543e-09	-0.161191	sc: 3.05754e-06	nv: -0.161194
ne: 6.96801e-13	-0.0125745	sc: 3.05754e-06	nv: -0.0125776
ne: 8.01387e-10	0.426254	sc: 3.05754e-06	nv: 0.426251
ne: 1.84767e-17	0.297153	sc: 6.22973e-10	nv: 0.297153
ne: 3.48853e-17	-0.193071	sc: 9.03557e-10	nv: -0.193071
ne: 3.52284e-17	0.282723	sc: 8.92249e-11	nv: 0.282723
ne: 2.66599e-17	0.255405	sc: 6.22973e-10	nv: 0.255405
ne: 1.17021e-16	0.324194	sc: 9.03557e-10	nv: 0.324194
ne: 1.1779e-16	-0.302825	sc: 8.92249e-11	nv: -0.302825
ne: 2.16956e-17	-0.207812	sc: 6.22973e-10	nv: -0.207812
ne: 5.62325e-17	0.180776	sc: 9.03557e-10	nv: 0.180776
ne: 5.67431e-17	-0.222602	sc: 8.92249e-11	nv: -0.222602
0.00524039
0.00443848
before
0:0.00473651
ret: -2.23283e-05
beta: 0.155881
ne: 4.98551e-10	0.145555	sc: -3.48056e-06	nv: 0.145558
ne: 4.98551e-10	-0.134929	sc: -3.48056e-06	nv: -0.134925
ne: 4.59371e-19	0.0279915	sc: 5.49527e-11	nv: 0.0279915
ne: 1.8431e-18	-0.0485814	sc: 5.49527e-11	nv: -0.0485814
ne: 7.74153e-19	0.102892	sc: 5.49527e-11	nv: 0.102892
ne: 2.67417e-18	-0.161194	sc: 5.49527e-11	nv: -0.161194
ne: 2.29772e-22	-0.0125776	sc: 5.49527e-11	nv: -0.0125776
ne: 2.64127e-19	0.426251	sc: 5.49527e-11	nv: 0.426251
ne: 2.00481e-36	0.297153	sc: 2.03155e-19	nv: 0.297153
ne: 3.78648e-36	-0.193071	sc: 2.9476e-19	nv: -0.193071
ne: 3.82375e-36	0.282723	sc: 2.91134e-20	nv: 0.282723
ne: 2.89272e-36	0.255405	sc: 2.03155e-19	nv: 0.255405
ne: 1.27043e-35	0.324194	sc: 2.9476e-19	nv: 0.324194
ne: 1.27878e-35	-0.302825	sc: 2.91134e-20	nv: -0.302825
ne: 2.35407e-36	-0.207812	sc: 2.03155e-19	nv: -0.207812
ne: 6.10413e-36	0.180776	sc: 2.9476e-19	nv: 0.180776
ne: 6.1596e-36	-0.222602	sc: 2.91134e-20	nv: -0.222602
-2.23283e-05
0.00474013
before
1:0.0051625
ret: 0.00510934
beta: 0.154323
ne: 2.61053e-05	0.145558	sc: 0.000788476	nv: 0.14477
ne: 2.61053e-05	-0.134925	sc: 0.000788476	nv: -0.135714
ne: 1.25951e-09	0.0279915	sc: 2.84868e-06	nv: 0.0279887
ne: 5.05345e-09	-0.0485814	sc: 2.84868e-06	nv: -0.0485843
ne: 2.12259e-09	0.102892	sc: 2.84868e-06	nv: 0.10289
ne: 7.33209e-09	-0.161194	sc: 2.84868e-06	nv: -0.161197
ne: 6.29994e-13	-0.0125776	sc: 2.84868e-06	nv: -0.0125804
ne: 7.2419e-10	0.426251	sc: 2.84868e-06	nv: 0.426248
ne: 1.50713e-17	0.297153	sc: 5.51445e-10	nv: 0.297153
ne: 2.84651e-17	-0.193071	sc: 8.00096e-10	nv: -0.193071
ne: 2.87453e-17	0.282723	sc: 7.90254e-11	nv: 0.282723
ne: 2.17462e-17	0.255405	sc: 5.51445e-10	nv: 0.255405
ne: 9.55054e-17	0.324194	sc: 8.00096e-10	nv: 0.324194
ne: 9.61332e-17	-0.302825	sc: 7.90254e-11	nv: -0.302825
ne: 1.76969e-17	-0.207812	sc: 5.51445e-10	nv: -0.207812
ne: 4.58883e-17	0.180776	sc: 8.00096e-10	nv: 0.180776
ne: 4.63053e-17	-0.222602	sc: 7.90254e-11	nv: -0.222602
0.00510934
0.00434554
before
0:0.00387733
ret: -1.49754e-05
beta: 0.152779
ne: 2.24263e-10	0.14477	sc: -2.28793e-06	nv: 0.144772
ne: 2.24263e-10	-0.135714	sc: -2.28793e-06	nv: -0.135711
ne: 9.28815e-20	0.0279887	sc: 2.42274e-11	nv: 0.0279887
ne: 3.72752e-19	-0.0485843	sc: 2.42274e-11	nv: -0.0485843
ne: 1.56608e-19	0.10289	sc: 2.42274e-11	nv: 0.10289
ne: 5.41007e-19	-0.161197	sc: 2.42274e-11	nv: -0.161197
ne: 4.65158e-23	-0.0125804	sc: 2.42274e-11	nv: -0.0125804
ne: 5.34459e-20	0.426248	sc: 2.42274e-11	nv: 0.426248
ne: 8.20001e-38	0.297153	sc: 4.02688e-20	nv: 0.297153
ne: 1.54921e-37	-0.193071	sc: 5.84457e-20	nv: -0.193071
ne: 1.56447e-37	0.282723	sc: 5.77383e-21	nv: 0.282723
ne: 1.18317e-37	0.255405	sc: 4.02688e-20	nv: 0.255405
ne: 5.19891e-37	0.324194	sc: 5.84457e-20	nv: 0.324194
ne: 5.23311e-37	-0.302825	sc: 5.77383e-21	nv: -0.302825
ne: 9.62854e-38	-0.207812	sc: 4.02688e-20	nv: -0.207812
ne: 2.49771e-37	0.180776	sc: 5.84457e-20	nv: 0.180776
ne: 2.52042e-37	-0.222602	sc: 5.77383e-21	nv: -0.222602
-1.49754e-05
0.00387971
before
0:0.00464425
ret: -2.14689e-05
beta: 0.151252
ne: 4.60912e-10	0.144772	sc: -3.2472e-06	nv: 0.144775
ne: 4.60912e-10	-0.135711	sc: -3.2472e-06	nv: -0.135708
ne: 3.92329e-19	0.0279887	sc: 4.9295e-11	nv: 0.0279887
ne: 1.57449e-18	-0.0485843	sc: 4.9295e-11	nv: -0.0485843
ne: 6.61507e-19	0.10289	sc: 4.9295e-11	nv: 0.10289
ne: 2.2852e-18	-0.161197	sc: 4.9295e-11	nv: -0.161197
ne: 1.96482e-22	-0.0125804	sc: 4.9295e-11	nv: -0.0125804
ne: 2.25754e-19	0.426248	sc: 4.9295e-11	nv: 0.426248
ne: 1.46304e-36	0.297153	sc: 1.68394e-19	nv: 0.297153
ne: 2.76411e-36	-0.193071	sc: 2.44405e-19	nv: -0.193071
ne: 2.79133e-36	0.282723	sc: 2.41446e-20	nv: 0.282723
ne: 2.11101e-36	0.255405	sc: 1.68394e-19	nv: 0.255405
ne: 9.2759e-36	0.324194	sc: 2.44405e-19	nv: 0.324194
ne: 9.33691e-36	-0.302825	sc: 2.41446e-20	nv: -0.302825
ne: 1.71792e-36	-0.207812	sc: 1.68394e-19	nv: -0.207812
ne: 4.4564e-36	0.180776	sc: 2.44405e-19	nv: 0.180776
ne: 4.49693e-36	-0.222602	sc: 2.41446e-20	nv: -0.222602
-2.14689e-05
0.00464761
before
1:0.00418132
ret: 0.00414643
beta: 0.149739
ne: 1.71929e-05	0.144775	sc: 0.000620876	nv: 0.144154
ne: 1.71929e-05	-0.135708	sc: 0.000620876	nv: -0.136329
ne: 5.45897e-10	0.0279887	sc: 1.8204e-06	nv: 0.0279868
ne: 2.19079e-09	-0.0485843	sc: 1.8204e-06	nv: -0.0485861
ne: 9.20437e-10	0.10289	sc: 1.8204e-06	nv: 0.102888
ne: 3.17969e-09	-0.161197	sc: 1.8204e-06	nv: -0.161199
ne: 2.7339e-13	-0.0125804	sc: 1.8204e-06	nv: -0.0125822
ne: 3.1412e-10	0.426248	sc: 1.8204e-06	nv: 0.426247
ne: 2.83254e-18	0.297153	sc: 2.31964e-10	nv: 0.297153
ne: 5.35148e-18	-0.193071	sc: 3.3667e-10	nv: -0.193071
ne: 5.4042e-18	0.282723	sc: 3.32595e-11	nv: 0.282723
ne: 4.08705e-18	0.255405	sc: 2.31964e-10	nv: 0.255405
ne: 1.79587e-17	0.324194	sc: 3.3667e-10	nv: 0.324194
ne: 1.80768e-17	-0.302825	sc: 3.32595e-11	nv: -0.302825
ne: 3.326e-18	-0.207812	sc: 2.31964e-10	nv: -0.207812
ne: 8.62787e-18	0.180776	sc: 3.3667e-10	nv: 0.180776
ne: 8.70633e-18	-0.222602	sc: 3.32595e-11	nv: -0.222602
0.00414643
0.00353778
before
1:0.00375241
ret: 0.0037243
beta: 0.148242
ne: 1.38704e-05	0.144154	sc: 0.000552093	nv: 0.143602
ne: 1.38704e-05	-0.136329	sc: 0.000552093	nv: -0.136881
ne: 3.55128e-10	0.0279868	sc: 1.45394e-06	nv: 0.0279854
ne: 1.42542e-09	-0.0485861	sc: 1.45394e-06	nv: -0.0485875
ne: 5.98976e-10	0.102888	sc: 1.45394e-06	nv: 0.102886
ne: 2.06927e-09	-0.161199	sc: 1.45394e-06	nv: -0.1612
ne: 1.77992e-13	-0.0125822	sc: 1.45394e-06	nv: -0.0125837
ne: 2.04449e-10	0.426247	sc: 1.45394e-06	nv: 0.426245
ne: 1.19911e-18	0.297153	sc: 1.49416e-10	nv: 0.297153
ne: 2.26592e-18	-0.193071	sc: 2.16907e-10	nv: -0.193071
ne: 2.28825e-18	0.282723	sc: 2.14309e-11	nv: 0.282723
ne: 1.73019e-18	0.255405	sc: 1.49416e-10	nv: 0.255405
ne: 7.60502e-18	0.324194	sc: 2.16907e-10	nv: 0.324194
ne: 7.65506e-18	-0.302825	sc: 2.14309e-11	nv: -0.302825
ne: 1.40801e-18	-0.207812	sc: 1.49416e-10	nv: -0.207812
ne: 3.65342e-18	0.180776	sc: 2.16907e-10	nv: 0.180776
ne: 3.68666e-18	-0.222602	sc: 2.14309e-11	nv: -0.222602
0.0037243
0.00318058
before
0:0.00288039
ret: -8.27275e-06
beta: 0.146759
ne: 6.84383e-11	0.143602	sc: -1.2141e-06	nv: 0.143604
ne: 6.84383e-11	-0.136881	sc: -1.2141e-06	nv: -0.13688
ne: 8.64242e-21	0.0279854	sc: 7.10215e-12	nv: 0.0279854
ne: 3.46933e-20	-0.0485875	sc: 7.10215e-12	nv: -0.0485875
ne: 1.45805e-20	0.102886	sc: 7.10215e-12	nv: 0.102886
ne: 5.03726e-20	-0.1612	sc: 7.10215e-12	nv: -0.1612
ne: 4.33436e-24	-0.0125837	sc: 7.10215e-12	nv: -0.0125837
ne: 4.97744e-21	0.426245	sc: 7.10215e-12	nv: 0.426245
ne: 7.10342e-40	0.297153	sc: 3.60028e-21	nv: 0.297153
ne: 1.34252e-39	-0.193071	sc: 5.22739e-21	nv: -0.193071
ne: 1.35575e-39	0.282723	sc: 5.16531e-22	nv: 0.282723
ne: 1.02495e-39	0.255405	sc: 3.60028e-21	nv: 0.255405
ne: 4.5063e-39	0.324194	sc: 5.22739e-21	nv: 0.324194
ne: 4.53596e-39	-0.302825	sc: 5.16531e-22	nv: -0.302825
ne: 8.34092e-40	-0.207812	sc: 3.60028e-21	nv: -0.207812
ne: 2.1647e-39	0.180776	sc: 5.22739e-21	nv: 0.180776
ne: 2.18439e-39	-0.222602	sc: 5.16531e-22	nv: -0.222602
-8.27275e-06
0.00288164
before
1:0.00240988
ret: 0.00239827
beta: 0.145292
ne: 5.75172e-06	0.143604	sc: 0.000348448	nv: 0.143255
ne: 5.75172e-06	-0.13688	sc: 0.000348448	nv: -0.137228
ne: 6.10425e-11	0.0279854	sc: 5.90913e-07	nv: 0.0279848
ne: 2.45043e-10	-0.0485875	sc: 5.90913e-07	nv: -0.0485881
ne: 1.02984e-10	0.102886	sc: 5.90913e-07	nv: 0.102886
ne: 3.55788e-10	-0.1612	sc: 5.90913e-07	nv: -0.161201
ne: 3.06141e-14	-0.0125837	sc: 5.90913e-07	nv: -0.0125843
ne: 3.51563e-11	0.426245	sc: 5.90913e-07	nv: 0.426245
ne: 3.54374e-20	0.297153	sc: 2.5175e-11	nv: 0.297153
ne: 6.69752e-20	-0.193071	sc: 3.65525e-11	nv: -0.193071
ne: 6.76355e-20	0.282723	sc: 3.61184e-12	nv: 0.282723
ne: 5.11323e-20	0.255405	sc: 2.5175e-11	nv: 0.255405
ne: 2.24809e-19	0.324194	sc: 3.65525e-11	nv: 0.324194
ne: 2.26289e-19	-0.302825	sc: 3.61184e-12	nv: -0.302825
ne: 4.16109e-20	-0.207812	sc: 2.5175e-11	nv: -0.207812
ne: 1.07992e-19	0.180776	sc: 3.65525e-11	nv: 0.180776
ne: 1.08975e-19	-0.222602	sc: 3.61184e-12	nv: -0.222602
0.00239827
0.00204761
before
0:0.00234967
ret: -5.50799e-06
beta: 0.143839
ne: 3.03379e-11	0.143255	sc: -7.92261e-07	nv: 0.143256
ne: 3.03379e-11	-0.137228	sc: -7.92261e-07	nv: -0.137228
ne: 1.69801e-21	0.0279848	sc: 3.08565e-12	nv: 0.0279848
ne: 6.81667e-21	-0.0485881	sc: 3.08565e-12	nv: -0.0485881
ne: 2.86498e-21	0.102886	sc: 3.08565e-12	nv: 0.102886
ne: 9.89805e-21	-0.161201	sc: 3.08565e-12	nv: -0.161201
ne: 8.51805e-25	-0.0125843	sc: 3.08565e-12	nv: -0.0125843
ne: 9.78092e-22	0.426245	sc: 3.08565e-12	nv: 0.426245
ne: 2.74233e-41	0.297153	sc: 6.93319e-22	nv: 0.297153
ne: 5.18322e-41	-0.193071	sc: 1.00672e-21	nv: -0.193071
ne: 5.23433e-41	0.282723	sc: 9.94811e-23	nv: 0.282723
ne: 3.95688e-41	0.255405	sc: 6.93319e-22	nv: 0.255405
ne: 1.73987e-40	0.324194	sc: 1.00672e-21	nv: 0.324194
ne: 1.75133e-40	-0.302825	sc: 9.94811e-23	nv: -0.302825
ne: 3.22007e-41	-0.207812	sc: 6.93319e-22	nv: -0.207812
ne: 8.35767e-41	0.180776	sc: 1.00672e-21	nv: 0.180776
ne: 8.43374e-41	-0.222602	sc: 9.94811e-23	nv: -0.222602
-5.50799e-06
0.00235049
before
1:0.00277701
ret: 0.00276161
beta: 0.1424
ne: 7.62648e-06	0.143256	sc: 0.000393252	nv: 0.142863
ne: 7.62648e-06	-0.137228	sc: 0.000393252	nv: -0.137621
ne: 1.07304e-10	0.0279848	sc: 7.67927e-07	nv: 0.027984
ne: 4.30773e-10	-0.0485881	sc: 7.67927e-07	nv: -0.0485889
ne: 1.8105e-10	0.102886	sc: 7.67927e-07	nv: 0.102885
ne: 6.25499e-10	-0.161201	sc: 7.67927e-07	nv: -0.161202
ne: 5.38291e-14	-0.0125843	sc: 7.67927e-07	nv: -0.012585
ne: 6.18096e-11	0.426245	sc: 7.67927e-07	nv: 0.426244
ne: 1.09515e-19	0.297153	sc: 4.33755e-11	nv: 0.297153
ne: 2.06992e-19	-0.193071	sc: 6.29828e-11	nv: -0.193071
ne: 2.09033e-19	0.282723	sc: 6.22375e-12	nv: 0.282723
ne: 1.58018e-19	0.255405	sc: 4.33755e-11	nv: 0.255405
ne: 6.94818e-19	0.324194	sc: 6.29828e-11	nv: 0.324194
ne: 6.99392e-19	-0.302825	sc: 6.22375e-12	nv: -0.302825
ne: 1.28593e-19	-0.207812	sc: 4.33755e-11	nv: -0.207812
ne: 3.33763e-19	0.180776	sc: 6.29828e-11	nv: 0.180776
ne: 3.36801e-19	-0.222602	sc: 6.22375e-12	nv: -0.222602
0.00276161
0.00236955
before
0:0.00189726
ret: -3.59276e-06
beta: 0.140976
ne: 1.29079e-11	0.142863	sc: -5.06494e-07	nv: 0.142863
ne: 1.29079e-11	-0.137621	sc: -5.06494e-07	nv: -0.13762
ne: 3.07321e-22	0.027984	sc: 1.28673e-12	nv: 0.027984
ne: 1.23382e-21	-0.0485889	sc: 1.28673e-12	nv: -0.0485889
ne: 5.18601e-22	0.102885	sc: 1.28673e-12	nv: 0.102885
ne: 1.79172e-21	-0.161202	sc: 1.28673e-12	nv: -0.161202
ne: 1.54219e-25	-0.012585	sc: 1.28673e-12	nv: -0.012585
ne: 1.77061e-22	0.426244	sc: 1.28673e-12	nv: 0.426244
ne: 8.98425e-43	0.297153	sc: 1.22994e-22	nv: 0.297153
ne: 1.69824e-42	-0.193071	sc: 1.78608e-22	nv: -0.193071
ne: 1.71498e-42	0.282723	sc: 1.76504e-23	nv: 0.282723
ne: 1.29633e-42	0.255405	sc: 1.22994e-22	nv: 0.255405
ne: 5.70085e-42	0.324194	sc: 1.78608e-22	nv: 0.324194
ne: 5.73838e-42	-0.302825	sc: 1.76504e-23	nv: -0.302825
ne: 1.05494e-42	-0.207812	sc: 1.22994e-22	nv: -0.207812
ne: 2.73839e-42	0.180776	sc: 1.78608e-22	nv: 0.180776
ne: 2.76331e-42	-0.222602	sc: 1.76504e-23	nv: -0.222602
-3.59276e-06
0.00189778
before
0:0.00266973
ret: -7.10842e-06
beta: 0.139567
ne: 5.05296e-11	0.142863	sc: -9.92098e-07	nv: 0.142864
ne: 5.05296e-11	-0.13762	sc: -9.92098e-07	nv: -0.137619
ne: 4.70947e-21	0.027984	sc: 4.98669e-12	nv: 0.027984
ne: 1.89074e-20	-0.0485889	sc: 4.98669e-12	nv: -0.0485889
ne: 7.94718e-21	0.102885	sc: 4.98669e-12	nv: 0.102885
ne: 2.74567e-20	-0.161202	sc: 4.98669e-12	nv: -0.161202
ne: 2.36329e-24	-0.012585	sc: 4.98669e-12	nv: -0.012585
ne: 2.71333e-21	0.426244	sc: 4.98669e-12	nv: 0.426244
ne: 2.1098e-40	0.297153	sc: 1.86595e-21	nv: 0.297153
ne: 3.98802e-40	-0.193071	sc: 2.70966e-21	nv: -0.193071
ne: 4.02735e-40	0.282723	sc: 2.67774e-22	nv: 0.282723
ne: 3.04421e-40	0.255405	sc: 1.86595e-21	nv: 0.255405
ne: 1.33875e-39	0.324194	sc: 2.70966e-21	nv: 0.324194
ne: 1.34756e-39	-0.302825	sc: 2.67774e-22	nv: -0.302825
ne: 2.47735e-40	-0.207812	sc: 1.86595e-21	nv: -0.207812
ne: 6.43064e-40	0.180776	sc: 2.70966e-21	nv: 0.180776
ne: 6.48917e-40	-0.222602	sc: 2.67774e-22	nv: -0.222602
-7.10842e-06
0.00267076
before
1:0.0022004
ret: 0.00219073
beta: 0.138171
ne: 4.79929e-06	0.142864	sc: 0.000302694	nv: 0.142561
ne: 4.79929e-06	-0.137619	sc: 0.000302694	nv: -0.137922
ne: 4.24848e-11	0.027984	sc: 4.68898e-07	nv: 0.0279836
ne: 1.70567e-10	-0.0485889	sc: 4.68898e-07	nv: -0.0485894
ne: 7.16926e-11	0.102885	sc: 4.68898e-07	nv: 0.102885
ne: 2.47691e-10	-0.161202	sc: 4.68898e-07	nv: -0.161202
ne: 2.13196e-14	-0.012585	sc: 4.68898e-07	nv: -0.0125855
ne: 2.44773e-11	0.426244	sc: 4.68898e-07	nv: 0.426243
ne: 1.71697e-20	0.297153	sc: 1.66646e-11	nv: 0.297153
ne: 3.24549e-20	-0.193071	sc: 2.41998e-11	nv: -0.193071
ne: 3.2775e-20	0.282723	sc: 2.39147e-12	nv: 0.282723
ne: 2.47741e-20	0.255405	sc: 1.66646e-11	nv: 0.255405
ne: 1.08949e-19	0.324194	sc: 2.41998e-11	nv: 0.324194
ne: 1.09666e-19	-0.302825	sc: 2.39147e-12	nv: -0.302825
ne: 2.01609e-20	-0.207812	sc: 1.66646e-11	nv: -0.207812
ne: 5.23331e-20	0.180776	sc: 2.41998e-11	nv: 0.180776
ne: 5.28095e-20	-0.222602	sc: 2.39147e-12	nv: -0.222602
0.00219073
0.00188667
before
1:0.00210246
ret: 0.00209363
beta: 0.136789
ne: 4.38328e-06	0.142561	sc: 0.000286385	nv: 0.142275
ne: 4.38328e-06	-0.137922	sc: 0.000286385	nv: -0.138208
ne: 3.54343e-11	0.0279836	sc: 4.23971e-07	nv: 0.0279831
ne: 1.42266e-10	-0.0485894	sc: 4.23971e-07	nv: -0.0485898
ne: 5.98e-11	0.102885	sc: 4.23971e-07	nv: 0.102884
ne: 2.06605e-10	-0.161202	sc: 4.23971e-07	nv: -0.161202
ne: 1.77852e-14	-0.0125855	sc: 4.23971e-07	nv: -0.0125859
ne: 2.04178e-11	0.426243	sc: 4.23971e-07	nv: 0.426243
ne: 1.19448e-20	0.297153	sc: 1.37606e-11	nv: 0.297153
ne: 2.25797e-20	-0.193071	sc: 1.99838e-11	nv: -0.193071
ne: 2.28024e-20	0.282723	sc: 1.9749e-12	nv: 0.282723
ne: 1.7235e-20	0.255405	sc: 1.37606e-11	nv: 0.255405
ne: 7.58007e-20	0.324194	sc: 1.99838e-11	nv: 0.324194
ne: 7.62998e-20	-0.302825	sc: 1.9749e-12	nv: -0.302825
ne: 1.40257e-20	-0.207812	sc: 1.37606e-11	nv: -0.207812
ne: 3.641e-20	0.180776	sc: 1.99838e-11	nv: 0.180776
ne: 3.67415e-20	-0.222602	sc: 1.9749e-12	nv: -0.222602
0.00209363
0.00180583
before
0:0.00150332
ret: -2.25658e-06
beta: 0.135421
ne: 5.09215e-12	0.142275	sc: -3.05589e-07	nv: 0.142275
ne: 5.09215e-12	-0.138208	sc: -3.05589e-07	nv: -0.138208
ne: 4.78167e-23	0.0279831	sc: 4.87611e-13	nv: 0.0279831
ne: 1.91987e-22	-0.0485898	sc: 4.87611e-13	nv: -0.0485898
ne: 8.0703e-23	0.102884	sc: 4.87611e-13	nv: 0.102884
ne: 2.78826e-22	-0.161202	sc: 4.87611e-13	nv: -0.161202
ne: 2.40045e-26	-0.0125859	sc: 4.87611e-13	nv: -0.0125859
ne: 2.75559e-23	0.426243	sc: 4.87611e-13	nv: 0.426243
ne: 2.17531e-44	0.297153	sc: 1.83842e-23	nv: 0.297153
ne: 4.11225e-44	-0.193071	sc: 2.66997e-23	nv: -0.193071
ne: 4.15282e-44	0.282723	sc: 2.63868e-24	nv: 0.282723
ne: 3.13873e-44	0.255405	sc: 1.83842e-23	nv: 0.255405
ne: 1.38054e-43	0.324194	sc: 2.66997e-23	nv: 0.324194
ne: 1.38963e-43	-0.302825	sc: 2.63868e-24	nv: -0.302825
ne: 2.55427e-44	-0.207812	sc: 1.83842e-23	nv: -0.207812
ne: 6.63115e-44	0.180776	sc: 2.66997e-23	nv: 0.180776
ne: 6.69153e-44	-0.222602	sc: 2.63868e-24	nv: -0.222602
-2.25658e-06
0.00150365
before
1:0.00102903
ret: 0.00102691
beta: 0.134067
ne: 1.05455e-06	0.142275	sc: 0.000137675	nv: 0.142138
ne: 1.05455e-06	-0.138208	sc: 0.000137675	nv: -0.138346
ne: 2.05075e-12	0.0279831	sc: 9.99711e-08	nv: 0.027983
ne: 8.23389e-12	-0.0485898	sc: 9.99711e-08	nv: -0.0485899
ne: 3.46116e-12	0.102884	sc: 9.99711e-08	nv: 0.102884
ne: 1.19582e-11	-0.161202	sc: 9.99711e-08	nv: -0.161202
ne: 1.0295e-15	-0.0125859	sc: 9.99711e-08	nv: -0.012586
ne: 1.18181e-12	0.426243	sc: 9.99711e-08	nv: 0.426243
ne: 4.00116e-23	0.297153	sc: 7.80571e-13	nv: 0.297153
ne: 7.56388e-23	-0.193071	sc: 1.13364e-12	nv: -0.193071
ne: 7.6385e-23	0.282723	sc: 1.12035e-13	nv: 0.282723
ne: 5.77324e-23	0.255405	sc: 7.80571e-13	nv: 0.255405
ne: 2.5393e-22	0.324194	sc: 1.13364e-12	nv: 0.324194
ne: 2.55602e-22	-0.302825	sc: 1.12035e-13	nv: -0.302825
ne: 4.69821e-23	-0.207812	sc: 7.80571e-13	nv: -0.207812
ne: 1.2197e-22	0.180776	sc: 1.13364e-12	nv: 0.180776
ne: 1.23081e-22	-0.222602	sc: 1.12035e-13	nv: -0.222602
0.00102691
0.000885898
before
0:0.00118993
ret: -1.41424e-06
beta: 0.132726
ne: 2.00007e-12	0.142138	sc: -1.87707e-07	nv: 0.142138
ne: 2.00007e-12	-0.138346	sc: -1.87707e-07	nv: -0.138345
ne: 7.37657e-24	0.027983	sc: 1.8771e-13	nv: 0.027983
ne: 2.96177e-23	-0.0485899	sc: 1.8771e-13	nv: -0.0485899
ne: 1.24501e-23	0.102884	sc: 1.8771e-13	nv: 0.102884
ne: 4.30148e-23	-0.161202	sc: 1.8771e-13	nv: -0.161202
ne: 3.70329e-27	-0.012586	sc: 1.8771e-13	nv: -0.012586
ne: 4.2511e-24	0.426243	sc: 1.8771e-13	nv: 0.426243
ne: 5.17701e-46	0.297153	sc: 2.77967e-24	nv: 0.297153
ne: 9.78683e-46	-0.193071	sc: 4.03701e-24	nv: -0.193071
ne: 9.88338e-46	0.282723	sc: 3.98973e-25	nv: 0.282723
ne: 7.46985e-46	0.255405	sc: 2.77967e-24	nv: 0.255405
ne: 3.28559e-45	0.324194	sc: 4.03701e-24	nv: 0.324194
ne: 3.30723e-45	-0.302825	sc: 3.98973e-25	nv: -0.302825
ne: 6.07889e-46	-0.207812	sc: 2.77967e-24	nv: -0.207812
ne: 1.57817e-45	0.180776	sc: 4.03701e-24	nv: 0.180776
ne: 1.59254e-45	-0.222602	sc: 3.98973e-25	nv: -0.222602
-1.41424e-06
0.00119013
before
1:0.00161866
ret: 0.00161342
beta: 0.131399
ne: 2.60313e-06	0.142138	sc: 0.000212002	nv: 0.141926
ne: 2.60313e-06	-0.138345	sc: 0.000212002	nv: -0.138557
ne: 1.24956e-11	0.027983	sc: 2.41865e-07	nv: 0.0279828
ne: 5.0171e-11	-0.0485899	sc: 2.41865e-07	nv: -0.0485901
ne: 2.10899e-11	0.102884	sc: 2.41865e-07	nv: 0.102884
ne: 7.28651e-11	-0.161202	sc: 2.41865e-07	nv: -0.161203
ne: 6.27319e-15	-0.012586	sc: 2.41865e-07	nv: -0.0125863
ne: 7.20117e-12	0.426243	sc: 2.41865e-07	nv: 0.426243
ne: 1.48553e-21	0.297153	sc: 4.66155e-12	nv: 0.297153
ne: 2.80831e-21	-0.193071	sc: 6.77013e-12	nv: -0.193071
ne: 2.83601e-21	0.282723	sc: 6.69084e-13	nv: 0.282723
ne: 2.14346e-21	0.255405	sc: 4.66155e-12	nv: 0.255405
ne: 9.42794e-21	0.324194	sc: 6.77013e-12	nv: 0.324194
ne: 9.49002e-21	-0.302825	sc: 6.69084e-13	nv: -0.302825
ne: 1.74432e-21	-0.207812	sc: 4.66155e-12	nv: -0.207812
ne: 4.52852e-21	0.180776	sc: 6.77013e-12	nv: 0.180776
ne: 4.56975e-21	-0.222602	sc: 6.69084e-13	nv: -0.222602
0.00161342
0.001399
before
0:0.000924702
ret: -8.54283e-07
beta: 0.130085
ne: 7.298e-13	0.141926	sc: -1.1113e-07	nv: 0.141926
ne: 7.298e-13	-0.138557	sc: -1.1113e-07	nv: -0.138557
ne: 9.82077e-25	0.0279828	sc: 6.713e-14	nv: 0.0279828
ne: 3.94322e-24	-0.0485901	sc: 6.713e-14	nv: -0.0485901
ne: 1.65761e-24	0.102884	sc: 6.713e-14	nv: 0.102884
ne: 5.72704e-24	-0.161203	sc: 6.713e-14	nv: -0.161203
ne: 4.93087e-28	-0.0125863	sc: 6.713e-14	nv: -0.0125863
ne: 5.66006e-25	0.426243	sc: 6.713e-14	nv: 0.426243
ne: 9.17652e-48	0.297153	sc: 3.62714e-25	nv: 0.297153
ne: 1.73481e-47	-0.193071	sc: 5.26796e-25	nv: -0.193071
ne: 1.75193e-47	0.282723	sc: 5.20635e-26	nv: 0.282723
ne: 1.32407e-47	0.255405	sc: 3.62714e-25	nv: 0.255405
ne: 5.82415e-47	0.324194	sc: 5.26796e-25	nv: 0.324194
ne: 5.8625e-47	-0.302825	sc: 5.20635e-26	nv: -0.302825
ne: 1.07752e-47	-0.207812	sc: 3.62714e-25	nv: -0.207812
ne: 2.79748e-47	0.180776	sc: 5.26796e-25	nv: 0.180776
ne: 2.82296e-47	-0.222602	sc: 5.20635e-26	nv: -0.222602
-8.54283e-07
0.000924811
before
0:0.00170039
ret: -2.88642e-06
beta: 0.128784
ne: 8.3314e-12	0.141926	sc: -3.71725e-07	nv: 0.141926
ne: 8.3314e-12	-0.138557	sc: -3.71725e-07	nv: -0.138557
ne: 1.27989e-22	0.0279828	sc: 7.58693e-13	nv: 0.0279828
ne: 5.13901e-22	-0.0485901	sc: 7.58693e-13	nv: -0.0485901
ne: 2.16028e-22	0.102884	sc: 7.58693e-13	nv: 0.102884
ne: 7.46377e-22	-0.161203	sc: 7.58693e-13	nv: -0.161203
ne: 6.42617e-26	-0.0125863	sc: 7.58693e-13	nv: -0.0125863
ne: 7.37648e-23	0.426243	sc: 7.58693e-13	nv: 0.426243
ne: 1.5586e-43	0.297153	sc: 4.6798e-23	nv: 0.297153
ne: 2.94652e-43	-0.193071	sc: 6.79683e-23	nv: -0.193071
ne: 2.97559e-43	0.282723	sc: 6.71734e-24	nv: 0.282723
ne: 2.24889e-43	0.255405	sc: 4.6798e-23	nv: 0.255405
ne: 9.89211e-43	0.324194	sc: 6.79683e-23	nv: 0.324194
ne: 9.95725e-43	-0.302825	sc: 6.71734e-24	nv: -0.302825
ne: 1.83012e-43	-0.207812	sc: 4.6798e-23	nv: -0.207812
ne: 4.75143e-43	0.180776	sc: 6.79683e-23	nv: 0.180776
ne: 4.79469e-43	-0.222602	sc: 6.71734e-24	nv: -0.222602
-2.88642e-06
0.00170078
before
1:0.00122842
ret: 0.0012254
beta: 0.127496
ne: 1.50161e-06	0.141926	sc: 0.000156234	nv: 0.14177
ne: 1.50161e-06	-0.138557	sc: 0.000156234	nv: -0.138713
ne: 4.1577e-12	0.0279828	sc: 1.35376e-07	nv: 0.0279827
ne: 1.66939e-11	-0.0485901	sc: 1.35376e-07	nv: -0.0485903
ne: 7.01762e-12	0.102884	sc: 1.35376e-07	nv: 0.102884
ne: 2.42458e-11	-0.161203	sc: 1.35376e-07	nv: -0.161203
ne: 2.08752e-15	-0.0125863	sc: 1.35376e-07	nv: -0.0125864
ne: 2.39623e-12	0.426243	sc: 1.35376e-07	nv: 0.426242
ne: 1.64472e-22	0.297153	sc: 1.50502e-12	nv: 0.297153
ne: 3.10934e-22	-0.193071	sc: 2.18585e-12	nv: -0.193071
ne: 3.14001e-22	0.282723	sc: 2.16029e-13	nv: 0.282723
ne: 2.37316e-22	0.255405	sc: 1.50502e-12	nv: 0.255405
ne: 1.04387e-21	0.324194	sc: 2.18585e-12	nv: 0.324194
ne: 1.05075e-21	-0.302825	sc: 2.16029e-13	nv: -0.302825
ne: 1.93125e-22	-0.207812	sc: 1.50502e-12	nv: -0.207812
ne: 5.01398e-22	0.180776	sc: 2.18585e-12	nv: 0.180776
ne: 5.05963e-22	-0.222602	sc: 2.16029e-13	nv: -0.222602
0.0012254
0.00106648
before
1:0.00128285
ret: 0.00127956
beta: 0.126221
ne: 1.63727e-06	0.14177	sc: 0.000161508	nv: 0.141609
ne: 1.63727e-06	-0.138713	sc: 0.000161508	nv: -0.138875
ne: 4.94269e-12	0.0279827	sc: 1.4613e-07	nv: 0.0279825
ne: 1.98461e-11	-0.0485903	sc: 1.4613e-07	nv: -0.0485904
ne: 8.34278e-12	0.102884	sc: 1.4613e-07	nv: 0.102883
ne: 2.88244e-11	-0.161203	sc: 1.4613e-07	nv: -0.161203
ne: 2.48181e-15	-0.0125864	sc: 1.4613e-07	nv: -0.0125866
ne: 2.84876e-12	0.426242	sc: 1.4613e-07	nv: 0.426242
ne: 2.32447e-22	0.297153	sc: 1.7713e-12	nv: 0.297153
ne: 4.39447e-22	-0.193071	sc: 2.57264e-12	nv: -0.193071
ne: 4.43782e-22	0.282723	sc: 2.54257e-13	nv: 0.282723
ne: 3.35396e-22	0.255405	sc: 1.7713e-12	nv: 0.255405
ne: 1.47533e-21	0.324194	sc: 2.57264e-12	nv: 0.324194
ne: 1.48505e-21	-0.302825	sc: 2.54257e-13	nv: -0.302825
ne: 2.72942e-22	-0.207812	sc: 1.7713e-12	nv: -0.207812
ne: 7.08635e-22	0.180776	sc: 2.57264e-12	nv: 0.180776
ne: 7.15088e-22	-0.222602	sc: 2.54257e-13	nv: -0.222602
0.00127956
0.00111556
before
0:0.000811884
ret: -6.5862e-07
beta: 0.124959
ne: 4.33781e-13	0.141609	sc: -8.23007e-08	nv: 0.141609
ne: 4.33781e-13	-0.138875	sc: -8.23007e-08	nv: -0.138875
ne: 3.46933e-25	0.0279825	sc: 3.83287e-14	nv: 0.0279825
ne: 1.39304e-24	-0.0485904	sc: 3.83287e-14	nv: -0.0485904
ne: 5.85604e-25	0.102883	sc: 3.83287e-14	nv: 0.102883
ne: 2.02327e-24	-0.161203	sc: 3.83287e-14	nv: -0.161203
ne: 1.74212e-28	-0.0125866	sc: 3.83287e-14	nv: -0.0125866
ne: 1.99965e-25	0.426242	sc: 3.83287e-14	nv: 0.426242
ne: 1.14525e-48	0.297153	sc: 1.23088e-25	nv: 0.297153
ne: 2.16515e-48	-0.193071	sc: 1.78776e-25	nv: -0.193071
ne: 2.18651e-48	0.282723	sc: 1.76688e-26	nv: 0.282723
ne: 1.65247e-48	0.255405	sc: 1.23088e-25	nv: 0.255405
ne: 7.26902e-48	0.324194	sc: 1.78776e-25	nv: 0.324194
ne: 7.31688e-48	-0.302825	sc: 1.76688e-26	nv: -0.302825
ne: 1.34476e-48	-0.207812	sc: 1.23088e-25	nv: -0.207812
ne: 3.49146e-48	0.180776	sc: 1.78776e-25	nv: 0.180776
ne: 3.52325e-48	-0.222602	sc: 1.76688e-26	nv: -0.222602
-6.5862e-07
0.000811977
before
1:0.000335929
ret: 0.000335704
beta: 0.12371
ne: 1.12697e-07	0.141609	sc: 4.15298e-05	nv: 0.141567
ne: 1.12697e-07	-0.138875	sc: 4.15298e-05	nv: -0.138916
ne: 2.34169e-14	0.0279825	sc: 9.85827e-09	nv: 0.0279825
ne: 9.40254e-14	-0.0485904	sc: 9.85827e-09	nv: -0.0485904
ne: 3.95264e-14	0.102883	sc: 9.85827e-09	nv: 0.102883
ne: 1.36564e-13	-0.161203	sc: 9.85827e-09	nv: -0.161203
ne: 1.17587e-17	-0.0125866	sc: 9.85827e-09	nv: -0.0125866
ne: 1.3497e-14	0.426242	sc: 9.85827e-09	nv: 0.426242
ne: 5.21754e-27	0.297153	sc: 8.22496e-15	nv: 0.297153
ne: 9.86402e-27	-0.193071	sc: 1.19461e-14	nv: -0.193071
ne: 9.96135e-27	0.282723	sc: 1.18066e-15	nv: 0.282723
ne: 7.52834e-27	0.255405	sc: 8.22496e-15	nv: 0.255405
ne: 3.31163e-26	0.324194	sc: 1.19461e-14	nv: 0.324194
ne: 3.33344e-26	-0.302825	sc: 1.18066e-15	nv: -0.302825
ne: 6.12649e-27	-0.207812	sc: 8.22496e-15	nv: -0.207812
ne: 1.59064e-26	0.180776	sc: 1.19461e-14	nv: 0.180776
ne: 1.60513e-26	-0.222602	sc: 1.18066e-15	nv: -0.222602
0.000335704
0.000292753
before
0:0.000597782
ret: -3.57129e-07
beta: 0.122473
ne: 1.27541e-13	0.141567	sc: -4.37385e-08	nv: 0.141567
ne: 1.27541e-13	-0.138916	sc: -4.37385e-08	nv: -0.138916
ne: 2.9992e-26	0.0279825	sc: 1.10452e-14	nv: 0.0279825
ne: 1.20426e-25	-0.0485904	sc: 1.10452e-14	nv: -0.0485904
ne: 5.06249e-26	0.102883	sc: 1.10452e-14	nv: 0.102883
ne: 1.7491e-25	-0.161203	sc: 1.10452e-14	nv: -0.161203
ne: 1.50605e-29	-0.0125866	sc: 1.10452e-14	nv: -0.0125866
ne: 1.72868e-26	0.426242	sc: 1.10452e-14	nv: 0.426242
ne: 8.55892e-51	0.297153	sc: 1.04291e-26	nv: 0.297153
ne: 1.61811e-50	-0.193071	sc: 1.51474e-26	nv: -0.193071
ne: 1.63407e-50	0.282723	sc: 1.49706e-27	nv: 0.282723
ne: 1.23496e-50	0.255405	sc: 1.04291e-26	nv: 0.255405
ne: 5.43245e-50	0.324194	sc: 1.51474e-26	nv: 0.324194
ne: 5.46822e-50	-0.302825	sc: 1.49706e-27	nv: -0.302825
ne: 1.005e-50	-0.207812	sc: 1.04291e-26	nv: -0.207812
ne: 2.60931e-50	0.180776	sc: 1.51474e-26	nv: 0.180776
ne: 2.63308e-50	-0.222602	sc: 1.49706e-27	nv: -0.222602
-3.57129e-07
0.000597828
before
1:0.00102739
ret: 0.00102528
beta: 0.121248
ne: 1.05119e-06	0.141567	sc: 0.000124312	nv: 0.141443
ne: 1.05119e-06	-0.138916	sc: 0.000124312	nv: -0.13904
ne: 2.03735e-12	0.0279825	sc: 9.01239e-08	nv: 0.0279824
ne: 8.18055e-12	-0.0485904	sc: 9.01239e-08	nv: -0.0485905
ne: 3.43894e-12	0.102883	sc: 9.01239e-08	nv: 0.102883
ne: 1.18816e-11	-0.161203	sc: 9.01239e-08	nv: -0.161203
ne: 1.02306e-15	-0.0125866	sc: 9.01239e-08	nv: -0.0125867
ne: 1.17429e-12	0.426242	sc: 9.01239e-08	nv: 0.426242
ne: 3.94949e-23	0.297153	sc: 7.01361e-13	nv: 0.297153
ne: 7.46671e-23	-0.193071	sc: 1.01867e-12	nv: -0.193071
ne: 7.54038e-23	0.282723	sc: 1.00678e-13	nv: 0.282723
ne: 5.69868e-23	0.255405	sc: 7.01361e-13	nv: 0.255405
ne: 2.50679e-22	0.324194	sc: 1.01867e-12	nv: 0.324194
ne: 2.52329e-22	-0.302825	sc: 1.00678e-13	nv: -0.302825
ne: 4.63753e-23	-0.207812	sc: 7.01361e-13	nv: -0.207812
ne: 1.20406e-22	0.180776	sc: 1.01867e-12	nv: 0.180776
ne: 1.21502e-22	-0.222602	sc: 1.00678e-13	nv: -0.222602
0.00102528
0.000898593
before
0:0.000423256
ret: -1.7907e-07
beta: 0.120035
ne: 3.20661e-14	0.141443	sc: -2.14947e-08	nv: 0.141443
ne: 3.20661e-14	-0.13904	sc: -2.14947e-08	nv: -0.13904
ne: 1.89577e-27	0.0279824	sc: 2.7217e-15	nv: 0.0279824
ne: 7.6121e-27	-0.0485905	sc: 2.7217e-15	nv: -0.0485905
ne: 3.2e-27	0.102883	sc: 2.7217e-15	nv: 0.102883
ne: 1.10561e-26	-0.161203	sc: 2.7217e-15	nv: -0.161203
ne: 9.51995e-31	-0.0125867	sc: 2.7217e-15	nv: -0.0125867
ne: 1.09271e-27	0.426242	sc: 2.7217e-15	nv: 0.426242
ne: 3.41967e-53	0.297153	sc: 6.46099e-28	nv: 0.297153
ne: 6.46513e-53	-0.193071	sc: 9.38418e-28	nv: -0.193071
ne: 6.52892e-53	0.282723	sc: 9.27468e-29	nv: 0.282723
ne: 4.93422e-53	0.255405	sc: 6.46099e-28	nv: 0.255405
ne: 2.17054e-52	0.324194	sc: 9.38418e-28	nv: 0.324194
ne: 2.18484e-52	-0.302825	sc: 9.27468e-29	nv: -0.302825
ne: 4.01542e-53	-0.207812	sc: 6.46099e-28	nv: -0.207812
ne: 1.04255e-52	0.180776	sc: 9.38418e-28	nv: 0.180776
ne: 1.05205e-52	-0.222602	sc: 9.27468e-29	nv: -0.222602
-1.7907e-07
0.000423272
before
0:0.00120073
ret: -1.44002e-06
beta: 0.118835
ne: 2.07365e-12	0.141443	sc: -1.71125e-07	nv: 0.141443
ne: 2.07365e-12	-0.13904	sc: -1.71125e-07	nv: -0.13904
ne: 7.92803e-24	0.0279824	sc: 1.74247e-13	nv: 0.0279824
ne: 3.18335e-23	-0.0485905	sc: 1.74247e-13	nv: -0.0485905
ne: 1.33823e-23	0.102883	sc: 1.74247e-13	nv: 0.102883
ne: 4.62362e-23	-0.161203	sc: 1.74247e-13	nv: -0.161203
ne: 3.98121e-27	-0.0125867	sc: 1.74247e-13	nv: -0.0125867
ne: 4.56968e-24	0.426242	sc: 1.74247e-13	nv: 0.426242
ne: 5.98061e-46	0.297153	sc: 2.67494e-24	nv: 0.297153
ne: 1.13068e-45	-0.193071	sc: 3.88519e-24	nv: -0.193071
ne: 1.14183e-45	0.282723	sc: 3.83985e-25	nv: 0.282723
ne: 8.62937e-46	0.255405	sc: 2.67494e-24	nv: 0.255405
ne: 3.79603e-45	0.324194	sc: 3.88519e-24	nv: 0.324194
ne: 3.82102e-45	-0.302825	sc: 3.83985e-25	nv: -0.302825
ne: 7.0225e-46	-0.207812	sc: 2.67494e-24	nv: -0.207812
ne: 1.8233e-45	0.180776	sc: 3.88519e-24	nv: 0.180776
ne: 1.83991e-45	-0.222602	sc: 3.83985e-25	nv: -0.222602
-1.44002e-06
0.0012009
before
1:0.000727509
ret: 0.000726451
beta: 0.117647
ne: 5.27732e-07	0.141443	sc: 8.54646e-05	nv: 0.141358
ne: 5.27732e-07	-0.13904	sc: 8.54646e-05	nv: -0.139126
ne: 5.13475e-13	0.0279824	sc: 4.39013e-08	nv: 0.0279824
ne: 2.06177e-12	-0.0485905	sc: 4.39013e-08	nv: -0.0485906
ne: 8.66733e-13	0.102883	sc: 4.39013e-08	nv: 0.102883
ne: 2.99459e-12	-0.161203	sc: 4.39013e-08	nv: -0.161203
ne: 2.57852e-16	-0.0125867	sc: 4.39013e-08	nv: -0.0125867
ne: 2.95965e-13	0.426242	sc: 4.39013e-08	nv: 0.426242
ne: 2.50873e-24	0.297153	sc: 1.71516e-13	nv: 0.297153
ne: 4.74294e-24	-0.193071	sc: 2.49116e-13	nv: -0.193071
ne: 4.78973e-24	0.282723	sc: 2.46209e-14	nv: 0.282723
ne: 3.61983e-24	0.255405	sc: 1.71516e-13	nv: 0.255405
ne: 1.59235e-23	0.324194	sc: 2.49116e-13	nv: 0.324194
ne: 1.60283e-23	-0.302825	sc: 2.46209e-14	nv: -0.302825
ne: 2.94578e-24	-0.207812	sc: 1.71516e-13	nv: -0.207812
ne: 7.64834e-24	0.180776	sc: 2.49116e-13	nv: 0.180776
ne: 7.71799e-24	-0.222602	sc: 2.46209e-14	nv: -0.222602
0.000726451
0.000638933
before
1:0.000855604
ret: 0.00085414
beta: 0.11647
ne: 7.29556e-07	0.141358	sc: 9.94819e-05	nv: 0.141258
ne: 7.29556e-07	-0.139126	sc: 9.94819e-05	nv: -0.139225
ne: 9.81308e-13	0.0279824	sc: 6.00839e-08	nv: 0.0279823
ne: 3.94028e-12	-0.0485906	sc: 6.00839e-08	nv: -0.0485906
ne: 1.65644e-12	0.102883	sc: 6.00839e-08	nv: 0.102883
ne: 5.72304e-12	-0.161203	sc: 6.00839e-08	nv: -0.161203
ne: 4.92792e-16	-0.0125867	sc: 6.00839e-08	nv: -0.0125868
ne: 5.65628e-13	0.426242	sc: 6.00839e-08	nv: 0.426242
ne: 9.16282e-24	0.297153	sc: 3.24509e-13	nv: 0.297153
ne: 1.7323e-23	-0.193071	sc: 4.71331e-13	nv: -0.193071
ne: 1.7494e-23	0.282723	sc: 4.65833e-14	nv: 0.282723
ne: 1.32209e-23	0.255405	sc: 3.24509e-13	nv: 0.255405
ne: 5.81589e-23	0.324194	sc: 4.71331e-13	nv: 0.324194
ne: 5.85419e-23	-0.302825	sc: 4.65833e-14	nv: -0.302825
ne: 1.07591e-23	-0.207812	sc: 3.24509e-13	nv: -0.207812
ne: 2.79347e-23	0.180776	sc: 4.71331e-13	nv: 0.180776
ne: 2.81891e-23	-0.222602	sc: 4.65833e-14	nv: -0.222602
0.00085414
0.000752566
before
0:0.000448278
ret: -2.00863e-07
beta: 0.115305
ne: 4.03459e-14	0.141258	sc: -2.31606e-08	nv: 0.141258
ne: 4.03459e-14	-0.139225	sc: -2.31606e-08	nv: -0.139225
ne: 3.0011e-27	0.0279823	sc: 3.28953e-15	nv: 0.0279823
ne: 1.20505e-26	-0.0485906	sc: 3.28953e-15	nv: -0.0485906
ne: 5.06587e-27	0.102883	sc: 3.28953e-15	nv: 0.102883
ne: 1.75028e-26	-0.161203	sc: 3.28953e-15	nv: -0.161203
ne: 1.50713e-30	-0.0125868	sc: 3.28953e-15	nv: -0.0125868
ne: 1.72987e-27	0.426242	sc: 3.28953e-15	nv: 0.426242
ne: 8.57004e-53	0.297153	sc: 9.82514e-28	nv: 0.297153
ne: 1.62024e-52	-0.193071	sc: 1.42706e-27	nv: -0.193071
ne: 1.63623e-52	0.282723	sc: 1.41042e-28	nv: 0.282723
ne: 1.23656e-52	0.255405	sc: 9.82514e-28	nv: 0.255405
ne: 5.43969e-52	0.324194	sc: 1.42706e-27	nv: 0.324194
ne: 5.47552e-52	-0.302825	sc: 1.41042e-28	nv: -0.302825
ne: 1.0063e-52	-0.207812	sc: 9.82514e-28	nv: -0.207812
ne: 2.61278e-52	0.180776	sc: 1.42706e-27	nv: 0.180776
ne: 2.63657e-52	-0.222602	sc: 1.41042e-28	nv: -0.222602
-2.00863e-07
0.000448309
before
1:-2.84912e-05
ret: -2.84928e-05
beta: 0.114152
ne: 8.11841e-10	0.141258	sc: -3.25253e-06	nv: 0.141261
ne: 8.11841e-10	-0.139225	sc: -3.25253e-06	nv: -0.139222
ne: 1.21513e-18	0.0279823	sc: 6.55302e-11	nv: 0.0279823
ne: 4.87919e-18	-0.0485906	sc: 6.55302e-11	nv: -0.0485906
ne: 2.05115e-18	0.102883	sc: 6.55302e-11	nv: 0.102883
ne: 7.0868e-18	-0.161203	sc: 6.55302e-11	nv: -0.161203
ne: 6.1023e-22	-0.0125868	sc: 6.55302e-11	nv: -0.0125868
ne: 7.00416e-19	0.426242	sc: 6.55302e-11	nv: 0.426242
ne: 1.40498e-35	0.297153	sc: 3.93838e-19	nv: 0.297153
ne: 2.65624e-35	-0.193071	sc: 5.72032e-19	nv: -0.193071
ne: 2.68245e-35	0.282723	sc: 5.65362e-20	nv: 0.282723
ne: 2.02723e-35	0.255405	sc: 3.93838e-19	nv: 0.255405
ne: 8.91788e-35	0.324194	sc: 5.72032e-19	nv: 0.324194
ne: 8.97661e-35	-0.302825	sc: 5.65362e-20	nv: -0.302825
ne: 1.64974e-35	-0.207812	sc: 3.93838e-19	nv: -0.207812
ne: 4.28341e-35	0.180776	sc: 5.72032e-19	nv: 0.180776
ne: 4.32242e-35	-0.222602	sc: 5.65362e-20	nv: -0.222602
-2.84928e-05
-2.51139e-05
before
0:0.000280452
ret: -7.86311e-08
beta: 0.113011
ne: 6.18284e-15	0.141261	sc: -8.88617e-09	nv: 0.141261
ne: 6.18284e-15	-0.139222	sc: -8.88617e-09	nv: -0.139222
ne: 7.04787e-29	0.0279823	sc: 4.94076e-16	nv: 0.0279823
ne: 2.82997e-28	-0.0485906	sc: 4.94076e-16	nv: -0.0485906
ne: 1.18969e-28	0.102883	sc: 4.94076e-16	nv: 0.102883
ne: 4.11041e-28	-0.161203	sc: 4.94076e-16	nv: -0.161203
ne: 3.53939e-32	-0.0125868	sc: 4.94076e-16	nv: -0.0125868
ne: 4.06247e-29	0.426242	sc: 4.94076e-16	nv: 0.426242
ne: 4.7265e-56	0.297153	sc: 2.26145e-29	nv: 0.297153
ne: 8.93587e-56	-0.193071	sc: 3.28466e-29	nv: -0.193071
ne: 9.02404e-56	0.282723	sc: 3.24636e-30	nv: 0.282723
ne: 6.81982e-56	0.255405	sc: 2.26145e-29	nv: 0.255405
ne: 3.00007e-55	0.324194	sc: 3.28466e-29	nv: 0.324194
ne: 3.01982e-55	-0.302825	sc: 3.24636e-30	nv: -0.302825
ne: 5.5499e-56	-0.207812	sc: 2.26145e-29	nv: -0.207812
ne: 1.44098e-55	0.180776	sc: 3.28466e-29	nv: 0.180776
ne: 1.4541e-55	-0.222602	sc: 3.24636e-30	nv: -0.222602
-7.86311e-08
0.000280467
